Using pre-set license
Built from '2021.3/staging' branch; Version is '2021.3.11f1 (0a5ca18544bf) revision 679073'; Using compiler version '192829333'; Build Type 'Release'
OS: 'Windows 10  (10.0.19044) 64bit Core' Language: 'es' Physical Memory: 16318 MB
BatchMode: 1, IsHumanControllingUs: 0, StartBugReporterOnCrash: 0, Is64bit: 1, IsPro: 1

COMMAND LINE ARGUMENTS:
C:\Program Files\Unity\Hub\Editor\2021.3.11f1\Editor\Unity.exe
-adb2
-batchMode
-noUpm
-name
AssetImportWorker1
-projectPath
C:/Users/pauga/Documents/GitHub/cod
-logFile
Logs/AssetImportWorker1.log
-srvPort
51631
Successfully changed project path to: C:/Users/pauga/Documents/GitHub/cod
C:/Users/pauga/Documents/GitHub/cod
[UnityMemory] Configuration Parameters - Can be set up in boot.config
    "memorysetup-bucket-allocator-granularity=16"
    "memorysetup-bucket-allocator-bucket-count=8"
    "memorysetup-bucket-allocator-block-size=33554432"
    "memorysetup-bucket-allocator-block-count=8"
    "memorysetup-main-allocator-block-size=16777216"
    "memorysetup-thread-allocator-block-size=16777216"
    "memorysetup-gfx-main-allocator-block-size=16777216"
    "memorysetup-gfx-thread-allocator-block-size=16777216"
    "memorysetup-cache-allocator-block-size=4194304"
    "memorysetup-typetree-allocator-block-size=2097152"
    "memorysetup-profiler-bucket-allocator-granularity=16"
    "memorysetup-profiler-bucket-allocator-bucket-count=8"
    "memorysetup-profiler-bucket-allocator-block-size=33554432"
    "memorysetup-profiler-bucket-allocator-block-count=8"
    "memorysetup-profiler-allocator-block-size=16777216"
    "memorysetup-profiler-editor-allocator-block-size=1048576"
    "memorysetup-temp-allocator-size-main=16777216"
    "memorysetup-job-temp-allocator-block-size=2097152"
    "memorysetup-job-temp-allocator-block-size-background=1048576"
    "memorysetup-job-temp-allocator-reduction-small-platforms=262144"
    "memorysetup-temp-allocator-size-background-worker=32768"
    "memorysetup-temp-allocator-size-job-worker=262144"
    "memorysetup-temp-allocator-size-preload-manager=33554432"
    "memorysetup-temp-allocator-size-nav-mesh-worker=65536"
    "memorysetup-temp-allocator-size-audio-worker=65536"
    "memorysetup-temp-allocator-size-cloud-worker=32768"
    "memorysetup-temp-allocator-size-gi-baking-worker=262144"
    "memorysetup-temp-allocator-size-gfx=262144"
Refreshing native plugins compatible for Editor in 83.13 ms, found 2 plugins.
Preloading 0 native plugins for Editor in 0.00 ms.
Initialize engine version: 2021.3.11f1 (0a5ca18544bf)
[Subsystems] Discovering subsystems at path C:/Program Files/Unity/Hub/Editor/2021.3.11f1/Editor/Data/Resources/UnitySubsystems
[Subsystems] Discovering subsystems at path C:/Users/pauga/Documents/GitHub/cod/Assets
GfxDevice: creating device client; threaded=0; jobified=0
Direct3D:
    Version:  Direct3D 11.0 [level 11.1]
    Renderer: NVIDIA GeForce RTX 2060 (ID=0x1f08)
    Vendor:   NVIDIA
    VRAM:     5968 MB
    Driver:   31.0.15.2698
Shader 'BOXOPHOBIC/Polyverse Skies/Standard': fallback shader 'False' not found
Shader 'BOXOPHOBIC/Polyverse Skies/Simple': fallback shader 'False' not found
Initialize mono
Mono path[0] = 'C:/Program Files/Unity/Hub/Editor/2021.3.11f1/Editor/Data/Managed'
Mono path[1] = 'C:/Program Files/Unity/Hub/Editor/2021.3.11f1/Editor/Data/MonoBleedingEdge/lib/mono/unityjit-win32'
Mono config path = 'C:/Program Files/Unity/Hub/Editor/2021.3.11f1/Editor/Data/MonoBleedingEdge/etc'
Using monoOptions --debugger-agent=transport=dt_socket,embedding=1,server=y,suspend=n,address=127.0.0.1:56620
Begin MonoManager ReloadAssembly
Registering precompiled unity dll's ...
Register platform support module: C:/Program Files/Unity/Hub/Editor/2021.3.11f1/Editor/Data/PlaybackEngines/WindowsStandaloneSupport/UnityEditor.WindowsStandalone.Extensions.dll
Register platform support module: C:/Program Files/Unity/Hub/Editor/2021.3.11f1/Editor/Data/PlaybackEngines/MetroSupport/UnityEditor.UWP.Extensions.dll
Registered in 0.003651 seconds.
Native extension for UWP target not found
Native extension for WindowsStandalone target not found
Refreshing native plugins compatible for Editor in 86.85 ms, found 2 plugins.
Preloading 0 native plugins for Editor in 0.00 ms.
Mono: successfully reloaded assembly
- Completed reload, in  0.578 seconds
Domain Reload Profiling:
	ReloadAssembly (578ms)
		BeginReloadAssembly (56ms)
			ExecutionOrderSort (0ms)
			DisableScriptedObjects (0ms)
			BackupInstance (0ms)
			ReleaseScriptingObjects (0ms)
			CreateAndSetChildDomain (1ms)
		EndReloadAssembly (433ms)
			LoadAssemblies (55ms)
			RebuildTransferFunctionScriptingTraits (0ms)
			SetupTypeCache (100ms)
			ReleaseScriptCaches (0ms)
			RebuildScriptCaches (25ms)
			SetupLoadedEditorAssemblies (263ms)
				LogAssemblyErrors (0ms)
				InitializePlatformSupportModulesInManaged (6ms)
				SetLoadedEditorAssemblies (0ms)
				RefreshPlugins (87ms)
				BeforeProcessingInitializeOnLoad (1ms)
				ProcessInitializeOnLoadAttributes (129ms)
				ProcessInitializeOnLoadMethodAttributes (39ms)
				AfterProcessingInitializeOnLoad (0ms)
				EditorAssembliesLoaded (0ms)
			ExecutionOrderSort2 (0ms)
			AwakeInstancesAfterBackupRestoration (0ms)
Platform modules already initialized, skipping
Registering precompiled user dll's ...
Registered in 0.004360 seconds.
Begin MonoManager ReloadAssembly
Native extension for UWP target not found
Native extension for WindowsStandalone target not found
Refreshing native plugins compatible for Editor in 1.15 ms, found 2 plugins.
Preloading 0 native plugins for Editor in 0.00 ms.
Package Manager log level set to [2]
Mono: successfully reloaded assembly
- Completed reload, in  0.973 seconds
Domain Reload Profiling:
	ReloadAssembly (974ms)
		BeginReloadAssembly (94ms)
			ExecutionOrderSort (0ms)
			DisableScriptedObjects (5ms)
			BackupInstance (0ms)
			ReleaseScriptingObjects (0ms)
			CreateAndSetChildDomain (15ms)
		EndReloadAssembly (793ms)
			LoadAssemblies (71ms)
			RebuildTransferFunctionScriptingTraits (0ms)
			SetupTypeCache (186ms)
			ReleaseScriptCaches (1ms)
			RebuildScriptCaches (54ms)
			SetupLoadedEditorAssemblies (439ms)
				LogAssemblyErrors (0ms)
				InitializePlatformSupportModulesInManaged (11ms)
				SetLoadedEditorAssemblies (0ms)
				RefreshPlugins (1ms)
				BeforeProcessingInitializeOnLoad (71ms)
				ProcessInitializeOnLoadAttributes (239ms)
				ProcessInitializeOnLoadMethodAttributes (113ms)
				AfterProcessingInitializeOnLoad (3ms)
				EditorAssembliesLoaded (0ms)
			ExecutionOrderSort2 (0ms)
			AwakeInstancesAfterBackupRestoration (6ms)
Platform modules already initialized, skipping
========================================================================
Worker process is ready to serve import requests
Shader 'BOXOPHOBIC/Polyverse Skies/Standard': fallback shader 'False' not found
Shader 'BOXOPHOBIC/Polyverse Skies/Simple': fallback shader 'False' not found
Launched and connected shader compiler UnityShaderCompiler.exe after 0.03 seconds
Refreshing native plugins compatible for Editor in 1.89 ms, found 2 plugins.
Preloading 0 native plugins for Editor in 0.00 ms.
Unloading 3206 Unused Serialized files (Serialized files now loaded: 0)
Unloading 84 unused Assets / (131.9 KB). Loaded Objects now: 3637.
Memory consumption went from 141.0 MB to 140.9 MB.
Total: 5.528700 ms (FindLiveObjects: 0.228600 ms CreateObjectMapping: 0.175900 ms MarkObjects: 5.024500 ms  DeleteObjects: 0.098800 ms)

AssetImportParameters requested are different than current active one (requested -> active):
  custom:video-decoder-ogg-theora: a1e56fd34408186e4bbccfd4996cb3dc -> 
  custom:container-muxer-webm: aa71ff27fc2769a1b78a27578f13a17b -> 
  custom:container-demuxer-webm: 4f35f7cbe854078d1ac9338744f61a02 -> 
  custom:video-encoder-webm-vp8: eb34c28f22e8b96e1ab97ce403110664 -> 
  custom:audio-encoder-webm-vorbis: bf7c407c2cedff20999df2af8eb42d56 -> 
  custom:framework-win-MediaFoundation: 216162199b28c13a410421893ffa2e32 -> 
  custom:container-demuxer-ogg: 62fdf1f143b41e24485cea50d1cbac27 -> 
  custom:video-decoder-webm-vp8: 9c59270c3fd7afecdb556c50c9e8de78 -> 
  custom:audio-decoder-ogg-vorbis: bf7c407c2cedff20999df2af8eb42d56 -> 
========================================================================
Received Import Request.
  Time since last request: 40501.682358 seconds.
  path: Assets/PolygonMilitary/Models/Characters.fbx
  artifactKey: Guid(b3a849229c6faea448cb1f0200840e8d) Importer(815301076,1909f56bfc062723c751e8b465ee728b)
Start importing Assets/PolygonMilitary/Models/Characters.fbx using Guid(b3a849229c6faea448cb1f0200840e8d) Importer(815301076,1909f56bfc062723c751e8b465ee728b)  -> (artifact id: '5d5c72009e00ed70f8999c3c22da86ec') in 0.380296 seconds 
========================================================================
Received Prepare
Registering precompiled user dll's ...
Registered in 0.004592 seconds.
Begin MonoManager ReloadAssembly
Native extension for UWP target not found
Native extension for WindowsStandalone target not found
Refreshing native plugins compatible for Editor in 1.39 ms, found 2 plugins.
Preloading 0 native plugins for Editor in 0.00 ms.
Error loading file Library/StateCache/LayerSettings/9e/9ecc5c3c162a7aba29bafa64c8b94b7c.json. Error: System.IO.IOException: Sharing violation on path C:\Users\pauga\Documents\GitHub\cod\Library\StateCache\LayerSettings\9e\9ecc5c3c162a7aba29bafa64c8b94b7c.json
  at System.IO.FileStream..ctor (System.String path, System.IO.FileMode mode, System.IO.FileAccess access, System.IO.FileShare share, System.Int32 bufferSize, System.Boolean anonymous, System.IO.FileOptions options) [0x0019e] in <9aad1b3a47484d63ba2b3985692d80e9>:0 
  at System.IO.FileStream..ctor (System.String path, System.IO.FileMode mode, System.IO.FileAccess access, System.IO.FileShare share, System.Int32 bufferSize, System.IO.FileOptions options) [0x00000] in <9aad1b3a47484d63ba2b3985692d80e9>:0 
  at (wrapper remoting-invoke-with-check) System.IO.FileStream..ctor(string,System.IO.FileMode,System.IO.FileAccess,System.IO.FileShare,int,System.IO.FileOptions)
  at System.IO.StreamReader..ctor (System.String path, System.Text.Encoding encoding, System.Boolean detectEncodingFromByteOrderMarks, System.Int32 bufferSize) [0x00055] in <9aad1b3a47484d63ba2b3985692d80e9>:0 
  at System.IO.StreamReader..ctor (System.String path, System.Text.Encoding encoding, System.Boolean detectEncodingFromByteOrderMarks) [0x00000] in <9aad1b3a47484d63ba2b3985692d80e9>:0 
  at (wrapper remoting-invoke-with-check) System.IO.StreamReader..ctor(string,System.Text.Encoding,bool)
  at System.IO.File.InternalReadAllText (System.String path, System.Text.Encoding encoding) [0x00000] in <9aad1b3a47484d63ba2b3985692d80e9>:0 
  at System.IO.File.ReadAllText (System.String path, System.Text.Encoding encoding) [0x00034] in <9aad1b3a47484d63ba2b3985692d80e9>:0 
  at UnityEditor.StateCache`1[T].GetState (UnityEngine.Hash128 key, T defaultValue) [0x00041] in <4e64905d831f4883a53259ef37fb023b>:0 
UnityEngine.StackTraceUtility:ExtractStackTrace ()
UnityEngine.DebugLogHandler:LogFormat (UnityEngine.LogType,UnityEngine.Object,string,object[])
UnityEngine.Logger:Log (UnityEngine.LogType,object)
UnityEngine.Debug:LogError (object)
UnityEditor.StateCache`1<UnityEditor.Tools/LayerSettings>:GetState (UnityEngine.Hash128,UnityEditor.Tools/LayerSettings)
UnityEditor.Tools:OnEnable ()
UnityEngine.ScriptableObject:CreateInstance (System.Type)
UnityEngine.ScriptableObject:CreateInstance<UnityEditor.Tools> ()
UnityEditor.Tools:get_get ()
UnityEditor.Tools:get_visibleLayers ()
UnityEditor.Animations.Rigging.BoneRendererUtils:.cctor () (at Library/PackageCache/com.unity.animation.rigging@1.1.1/Editor/Utils/BoneRendererUtils.cs:121)
System.Runtime.CompilerServices.RuntimeHelpers:RunClassConstructor (System.RuntimeTypeHandle)
UnityEditor.EditorAssemblies:ProcessInitializeOnLoadAttributes (System.Type[])

(Filename: Library/PackageCache/com.unity.animation.rigging@1.1.1/Editor/Utils/BoneRendererUtils.cs Line: 121)

Mono: successfully reloaded assembly
- Completed reload, in  1.097 seconds
Domain Reload Profiling:
	ReloadAssembly (1097ms)
		BeginReloadAssembly (112ms)
			ExecutionOrderSort (0ms)
			DisableScriptedObjects (5ms)
			BackupInstance (0ms)
			ReleaseScriptingObjects (0ms)
			CreateAndSetChildDomain (33ms)
		EndReloadAssembly (886ms)
			LoadAssemblies (69ms)
			RebuildTransferFunctionScriptingTraits (0ms)
			SetupTypeCache (202ms)
			ReleaseScriptCaches (2ms)
			RebuildScriptCaches (57ms)
			SetupLoadedEditorAssemblies (512ms)
				LogAssemblyErrors (0ms)
				InitializePlatformSupportModulesInManaged (13ms)
				SetLoadedEditorAssemblies (1ms)
				RefreshPlugins (1ms)
				BeforeProcessingInitializeOnLoad (79ms)
				ProcessInitializeOnLoadAttributes (255ms)
				ProcessInitializeOnLoadMethodAttributes (158ms)
				AfterProcessingInitializeOnLoad (4ms)
				EditorAssembliesLoaded (0ms)
			ExecutionOrderSort2 (0ms)
			AwakeInstancesAfterBackupRestoration (8ms)
Platform modules already initialized, skipping
Shader 'BOXOPHOBIC/Polyverse Skies/Standard': fallback shader 'False' not found
Shader 'BOXOPHOBIC/Polyverse Skies/Simple': fallback shader 'False' not found
Refreshing native plugins compatible for Editor in 6.55 ms, found 2 plugins.
Preloading 0 native plugins for Editor in 0.00 ms.
Unloading 3180 Unused Serialized files (Serialized files now loaded: 0)
Unloading 60 unused Assets / (96.3 KB). Loaded Objects now: 3654.
Memory consumption went from 156.0 MB to 156.0 MB.
Total: 8.534600 ms (FindLiveObjects: 0.237900 ms CreateObjectMapping: 0.136600 ms MarkObjects: 8.083600 ms  DeleteObjects: 0.075200 ms)

AssetImportParameters requested are different than current active one (requested -> active):
  custom:video-decoder-ogg-theora: a1e56fd34408186e4bbccfd4996cb3dc -> 
  custom:container-muxer-webm: aa71ff27fc2769a1b78a27578f13a17b -> 
  custom:container-demuxer-webm: 4f35f7cbe854078d1ac9338744f61a02 -> 
  custom:video-encoder-webm-vp8: eb34c28f22e8b96e1ab97ce403110664 -> 
  custom:audio-encoder-webm-vorbis: bf7c407c2cedff20999df2af8eb42d56 -> 
  custom:framework-win-MediaFoundation: 216162199b28c13a410421893ffa2e32 -> 
  custom:container-demuxer-ogg: 62fdf1f143b41e24485cea50d1cbac27 -> 
  custom:video-decoder-webm-vp8: 9c59270c3fd7afecdb556c50c9e8de78 -> 
  custom:audio-decoder-ogg-vorbis: bf7c407c2cedff20999df2af8eb42d56 -> 
========================================================================
Received Prepare
Registering precompiled user dll's ...
Registered in 0.004076 seconds.
Begin MonoManager ReloadAssembly
Native extension for UWP target not found
Native extension for WindowsStandalone target not found
Refreshing native plugins compatible for Editor in 1.05 ms, found 2 plugins.
Preloading 0 native plugins for Editor in 0.00 ms.
Mono: successfully reloaded assembly
- Completed reload, in  1.066 seconds
Domain Reload Profiling:
	ReloadAssembly (1067ms)
		BeginReloadAssembly (120ms)
			ExecutionOrderSort (0ms)
			DisableScriptedObjects (6ms)
			BackupInstance (0ms)
			ReleaseScriptingObjects (0ms)
			CreateAndSetChildDomain (37ms)
		EndReloadAssembly (854ms)
			LoadAssemblies (73ms)
			RebuildTransferFunctionScriptingTraits (0ms)
			SetupTypeCache (191ms)
			ReleaseScriptCaches (1ms)
			RebuildScriptCaches (50ms)
			SetupLoadedEditorAssemblies (496ms)
				LogAssemblyErrors (0ms)
				InitializePlatformSupportModulesInManaged (11ms)
				SetLoadedEditorAssemblies (0ms)
				RefreshPlugins (1ms)
				BeforeProcessingInitializeOnLoad (75ms)
				ProcessInitializeOnLoadAttributes (261ms)
				ProcessInitializeOnLoadMethodAttributes (144ms)
				AfterProcessingInitializeOnLoad (3ms)
				EditorAssembliesLoaded (0ms)
			ExecutionOrderSort2 (0ms)
			AwakeInstancesAfterBackupRestoration (7ms)
Platform modules already initialized, skipping
Shader 'BOXOPHOBIC/Polyverse Skies/Standard': fallback shader 'False' not found
Shader 'BOXOPHOBIC/Polyverse Skies/Simple': fallback shader 'False' not found
Refreshing native plugins compatible for Editor in 5.31 ms, found 2 plugins.
Preloading 0 native plugins for Editor in 0.00 ms.
Unloading 3180 Unused Serialized files (Serialized files now loaded: 0)
Unloading 60 unused Assets / (96.3 KB). Loaded Objects now: 3658.
Memory consumption went from 156.1 MB to 156.0 MB.
Total: 5.250000 ms (FindLiveObjects: 0.203400 ms CreateObjectMapping: 0.121900 ms MarkObjects: 4.884600 ms  DeleteObjects: 0.039400 ms)

AssetImportParameters requested are different than current active one (requested -> active):
  custom:video-decoder-ogg-theora: a1e56fd34408186e4bbccfd4996cb3dc -> 
  custom:container-muxer-webm: aa71ff27fc2769a1b78a27578f13a17b -> 
  custom:container-demuxer-webm: 4f35f7cbe854078d1ac9338744f61a02 -> 
  custom:video-encoder-webm-vp8: eb34c28f22e8b96e1ab97ce403110664 -> 
  custom:audio-encoder-webm-vorbis: bf7c407c2cedff20999df2af8eb42d56 -> 
  custom:framework-win-MediaFoundation: 216162199b28c13a410421893ffa2e32 -> 
  custom:container-demuxer-ogg: 62fdf1f143b41e24485cea50d1cbac27 -> 
  custom:video-decoder-webm-vp8: 9c59270c3fd7afecdb556c50c9e8de78 -> 
  custom:audio-decoder-ogg-vorbis: bf7c407c2cedff20999df2af8eb42d56 -> 
========================================================================
Received Prepare
Registering precompiled user dll's ...
Registered in 0.003999 seconds.
Begin MonoManager ReloadAssembly
Native extension for UWP target not found
Native extension for WindowsStandalone target not found
Refreshing native plugins compatible for Editor in 1.13 ms, found 2 plugins.
Preloading 0 native plugins for Editor in 0.00 ms.
Mono: successfully reloaded assembly
- Completed reload, in  1.046 seconds
Domain Reload Profiling:
	ReloadAssembly (1047ms)
		BeginReloadAssembly (112ms)
			ExecutionOrderSort (0ms)
			DisableScriptedObjects (8ms)
			BackupInstance (0ms)
			ReleaseScriptingObjects (0ms)
			CreateAndSetChildDomain (32ms)
		EndReloadAssembly (846ms)
			LoadAssemblies (68ms)
			RebuildTransferFunctionScriptingTraits (0ms)
			SetupTypeCache (191ms)
			ReleaseScriptCaches (1ms)
			RebuildScriptCaches (55ms)
			SetupLoadedEditorAssemblies (487ms)
				LogAssemblyErrors (0ms)
				InitializePlatformSupportModulesInManaged (10ms)
				SetLoadedEditorAssemblies (0ms)
				RefreshPlugins (1ms)
				BeforeProcessingInitializeOnLoad (73ms)
				ProcessInitializeOnLoadAttributes (256ms)
				ProcessInitializeOnLoadMethodAttributes (142ms)
				AfterProcessingInitializeOnLoad (4ms)
				EditorAssembliesLoaded (0ms)
			ExecutionOrderSort2 (0ms)
			AwakeInstancesAfterBackupRestoration (8ms)
Platform modules already initialized, skipping
Shader 'BOXOPHOBIC/Polyverse Skies/Standard': fallback shader 'False' not found
Shader 'BOXOPHOBIC/Polyverse Skies/Simple': fallback shader 'False' not found
Refreshing native plugins compatible for Editor in 4.71 ms, found 2 plugins.
Preloading 0 native plugins for Editor in 0.00 ms.
Unloading 3180 Unused Serialized files (Serialized files now loaded: 0)
Unloading 60 unused Assets / (96.4 KB). Loaded Objects now: 3662.
Memory consumption went from 156.1 MB to 156.0 MB.
Total: 5.256900 ms (FindLiveObjects: 0.224400 ms CreateObjectMapping: 0.118900 ms MarkObjects: 4.870700 ms  DeleteObjects: 0.041600 ms)

AssetImportParameters requested are different than current active one (requested -> active):
  custom:video-decoder-ogg-theora: a1e56fd34408186e4bbccfd4996cb3dc -> 
  custom:container-muxer-webm: aa71ff27fc2769a1b78a27578f13a17b -> 
  custom:container-demuxer-webm: 4f35f7cbe854078d1ac9338744f61a02 -> 
  custom:video-encoder-webm-vp8: eb34c28f22e8b96e1ab97ce403110664 -> 
  custom:audio-encoder-webm-vorbis: bf7c407c2cedff20999df2af8eb42d56 -> 
  custom:framework-win-MediaFoundation: 216162199b28c13a410421893ffa2e32 -> 
  custom:container-demuxer-ogg: 62fdf1f143b41e24485cea50d1cbac27 -> 
  custom:video-decoder-webm-vp8: 9c59270c3fd7afecdb556c50c9e8de78 -> 
  custom:audio-decoder-ogg-vorbis: bf7c407c2cedff20999df2af8eb42d56 -> 
========================================================================
Received Prepare
Registering precompiled user dll's ...
Registered in 0.004064 seconds.
Begin MonoManager ReloadAssembly
Native extension for UWP target not found
Native extension for WindowsStandalone target not found
Refreshing native plugins compatible for Editor in 1.11 ms, found 2 plugins.
Preloading 0 native plugins for Editor in 0.00 ms.
Error saving file Library/StateCache/LayerSettings/9e/9ecc5c3c162a7aba29bafa64c8b94b7c.json. Error: System.IO.IOException: Sharing violation on path C:\Users\pauga\Documents\GitHub\cod\Library\StateCache\LayerSettings\9e\9ecc5c3c162a7aba29bafa64c8b94b7c.json
  at System.IO.FileStream..ctor (System.String path, System.IO.FileMode mode, System.IO.FileAccess access, System.IO.FileShare share, System.Int32 bufferSize, System.Boolean anonymous, System.IO.FileOptions options) [0x0019e] in <9aad1b3a47484d63ba2b3985692d80e9>:0 
  at System.IO.FileStream..ctor (System.String path, System.IO.FileMode mode, System.IO.FileAccess access, System.IO.FileShare share, System.Int32 bufferSize, System.IO.FileOptions options) [0x00000] in <9aad1b3a47484d63ba2b3985692d80e9>:0 
  at (wrapper remoting-invoke-with-check) System.IO.FileStream..ctor(string,System.IO.FileMode,System.IO.FileAccess,System.IO.FileShare,int,System.IO.FileOptions)
  at System.IO.StreamWriter..ctor (System.String path, System.Boolean append, System.Text.Encoding encoding, System.Int32 bufferSize) [0x00055] in <9aad1b3a47484d63ba2b3985692d80e9>:0 
  at System.IO.StreamWriter..ctor (System.String path, System.Boolean append, System.Text.Encoding encoding) [0x00000] in <9aad1b3a47484d63ba2b3985692d80e9>:0 
  at (wrapper remoting-invoke-with-check) System.IO.StreamWriter..ctor(string,bool,System.Text.Encoding)
  at System.IO.File.WriteAllText (System.String path, System.String contents, System.Text.Encoding encoding) [0x00034] in <9aad1b3a47484d63ba2b3985692d80e9>:0 
  at UnityEditor.StateCache`1[T].SetState (UnityEngine.Hash128 key, T obj) [0x0004b] in <4e64905d831f4883a53259ef37fb023b>:0 
UnityEngine.StackTraceUtility:ExtractStackTrace ()
UnityEngine.DebugLogHandler:LogFormat (UnityEngine.LogType,UnityEngine.Object,string,object[])
UnityEngine.Logger:Log (UnityEngine.LogType,object)
UnityEngine.Debug:LogError (object)
UnityEditor.StateCache`1<UnityEditor.Tools/LayerSettings>:SetState (UnityEngine.Hash128,UnityEditor.Tools/LayerSettings)
UnityEditor.Tools:set_lockedLayers (int)
UnityEditor.Tools:OnEnable ()
UnityEngine.ScriptableObject:CreateInstance (System.Type)
UnityEngine.ScriptableObject:CreateInstance<UnityEditor.Tools> ()
UnityEditor.Tools:get_get ()
UnityEditor.Tools:get_visibleLayers ()
UnityEditor.Animations.Rigging.BoneRendererUtils:.cctor () (at Library/PackageCache/com.unity.animation.rigging@1.1.1/Editor/Utils/BoneRendererUtils.cs:121)
System.Runtime.CompilerServices.RuntimeHelpers:RunClassConstructor (System.RuntimeTypeHandle)
UnityEditor.EditorAssemblies:ProcessInitializeOnLoadAttributes (System.Type[])

(Filename: Library/PackageCache/com.unity.animation.rigging@1.1.1/Editor/Utils/BoneRendererUtils.cs Line: 121)

Mono: successfully reloaded assembly
- Completed reload, in  1.064 seconds
Domain Reload Profiling:
	ReloadAssembly (1065ms)
		BeginReloadAssembly (109ms)
			ExecutionOrderSort (0ms)
			DisableScriptedObjects (7ms)
			BackupInstance (0ms)
			ReleaseScriptingObjects (0ms)
			CreateAndSetChildDomain (31ms)
		EndReloadAssembly (874ms)
			LoadAssemblies (69ms)
			RebuildTransferFunctionScriptingTraits (0ms)
			SetupTypeCache (195ms)
			ReleaseScriptCaches (2ms)
			RebuildScriptCaches (54ms)
			SetupLoadedEditorAssemblies (502ms)
				LogAssemblyErrors (0ms)
				InitializePlatformSupportModulesInManaged (12ms)
				SetLoadedEditorAssemblies (0ms)
				RefreshPlugins (1ms)
				BeforeProcessingInitializeOnLoad (76ms)
				ProcessInitializeOnLoadAttributes (261ms)
				ProcessInitializeOnLoadMethodAttributes (148ms)
				AfterProcessingInitializeOnLoad (4ms)
				EditorAssembliesLoaded (0ms)
			ExecutionOrderSort2 (0ms)
			AwakeInstancesAfterBackupRestoration (13ms)
Platform modules already initialized, skipping
Shader 'BOXOPHOBIC/Polyverse Skies/Standard': fallback shader 'False' not found
Shader 'BOXOPHOBIC/Polyverse Skies/Simple': fallback shader 'False' not found
Refreshing native plugins compatible for Editor in 5.57 ms, found 2 plugins.
Preloading 0 native plugins for Editor in 0.00 ms.
Unloading 3180 Unused Serialized files (Serialized files now loaded: 0)
Unloading 60 unused Assets / (96.4 KB). Loaded Objects now: 3666.
Memory consumption went from 156.1 MB to 156.0 MB.
Total: 6.405600 ms (FindLiveObjects: 0.226100 ms CreateObjectMapping: 0.138500 ms MarkObjects: 5.986900 ms  DeleteObjects: 0.053200 ms)

AssetImportParameters requested are different than current active one (requested -> active):
  custom:video-decoder-ogg-theora: a1e56fd34408186e4bbccfd4996cb3dc -> 
  custom:container-muxer-webm: aa71ff27fc2769a1b78a27578f13a17b -> 
  custom:container-demuxer-webm: 4f35f7cbe854078d1ac9338744f61a02 -> 
  custom:video-encoder-webm-vp8: eb34c28f22e8b96e1ab97ce403110664 -> 
  custom:audio-encoder-webm-vorbis: bf7c407c2cedff20999df2af8eb42d56 -> 
  custom:framework-win-MediaFoundation: 216162199b28c13a410421893ffa2e32 -> 
  custom:container-demuxer-ogg: 62fdf1f143b41e24485cea50d1cbac27 -> 
  custom:video-decoder-webm-vp8: 9c59270c3fd7afecdb556c50c9e8de78 -> 
  custom:audio-decoder-ogg-vorbis: bf7c407c2cedff20999df2af8eb42d56 -> 
========================================================================
Received Prepare
Registering precompiled user dll's ...
Registered in 0.004006 seconds.
Begin MonoManager ReloadAssembly
Native extension for UWP target not found
Native extension for WindowsStandalone target not found
Refreshing native plugins compatible for Editor in 1.36 ms, found 2 plugins.
Preloading 0 native plugins for Editor in 0.00 ms.
Mono: successfully reloaded assembly
- Completed reload, in  1.103 seconds
Domain Reload Profiling:
	ReloadAssembly (1104ms)
		BeginReloadAssembly (112ms)
			ExecutionOrderSort (0ms)
			DisableScriptedObjects (5ms)
			BackupInstance (0ms)
			ReleaseScriptingObjects (0ms)
			CreateAndSetChildDomain (29ms)
		EndReloadAssembly (887ms)
			LoadAssemblies (75ms)
			RebuildTransferFunctionScriptingTraits (0ms)
			SetupTypeCache (197ms)
			ReleaseScriptCaches (2ms)
			RebuildScriptCaches (62ms)
			SetupLoadedEditorAssemblies (508ms)
				LogAssemblyErrors (0ms)
				InitializePlatformSupportModulesInManaged (12ms)
				SetLoadedEditorAssemblies (0ms)
				RefreshPlugins (1ms)
				BeforeProcessingInitializeOnLoad (85ms)
				ProcessInitializeOnLoadAttributes (259ms)
				ProcessInitializeOnLoadMethodAttributes (147ms)
				AfterProcessingInitializeOnLoad (3ms)
				EditorAssembliesLoaded (0ms)
			ExecutionOrderSort2 (0ms)
			AwakeInstancesAfterBackupRestoration (8ms)
Platform modules already initialized, skipping
Shader 'BOXOPHOBIC/Polyverse Skies/Standard': fallback shader 'False' not found
Shader 'BOXOPHOBIC/Polyverse Skies/Simple': fallback shader 'False' not found
Refreshing native plugins compatible for Editor in 4.95 ms, found 2 plugins.
Preloading 0 native plugins for Editor in 0.00 ms.
Unloading 3180 Unused Serialized files (Serialized files now loaded: 0)
Unloading 60 unused Assets / (96.4 KB). Loaded Objects now: 3670.
Memory consumption went from 156.1 MB to 156.0 MB.
Total: 5.334000 ms (FindLiveObjects: 0.211000 ms CreateObjectMapping: 0.144500 ms MarkObjects: 4.929200 ms  DeleteObjects: 0.048500 ms)

AssetImportParameters requested are different than current active one (requested -> active):
  custom:video-decoder-ogg-theora: a1e56fd34408186e4bbccfd4996cb3dc -> 
  custom:container-muxer-webm: aa71ff27fc2769a1b78a27578f13a17b -> 
  custom:container-demuxer-webm: 4f35f7cbe854078d1ac9338744f61a02 -> 
  custom:video-encoder-webm-vp8: eb34c28f22e8b96e1ab97ce403110664 -> 
  custom:audio-encoder-webm-vorbis: bf7c407c2cedff20999df2af8eb42d56 -> 
  custom:framework-win-MediaFoundation: 216162199b28c13a410421893ffa2e32 -> 
  custom:container-demuxer-ogg: 62fdf1f143b41e24485cea50d1cbac27 -> 
  custom:video-decoder-webm-vp8: 9c59270c3fd7afecdb556c50c9e8de78 -> 
  custom:audio-decoder-ogg-vorbis: bf7c407c2cedff20999df2af8eb42d56 -> 
========================================================================
Received Prepare
Registering precompiled user dll's ...
Registered in 0.004145 seconds.
Begin MonoManager ReloadAssembly
Native extension for UWP target not found
Native extension for WindowsStandalone target not found
Refreshing native plugins compatible for Editor in 1.63 ms, found 2 plugins.
Preloading 0 native plugins for Editor in 0.00 ms.
Error loading file Library/StateCache/LayerSettings/9e/9ecc5c3c162a7aba29bafa64c8b94b7c.json. Error: System.IO.IOException: Sharing violation on path C:\Users\pauga\Documents\GitHub\cod\Library\StateCache\LayerSettings\9e\9ecc5c3c162a7aba29bafa64c8b94b7c.json
  at System.IO.FileStream..ctor (System.String path, System.IO.FileMode mode, System.IO.FileAccess access, System.IO.FileShare share, System.Int32 bufferSize, System.Boolean anonymous, System.IO.FileOptions options) [0x0019e] in <9aad1b3a47484d63ba2b3985692d80e9>:0 
  at System.IO.FileStream..ctor (System.String path, System.IO.FileMode mode, System.IO.FileAccess access, System.IO.FileShare share, System.Int32 bufferSize, System.IO.FileOptions options) [0x00000] in <9aad1b3a47484d63ba2b3985692d80e9>:0 
  at (wrapper remoting-invoke-with-check) System.IO.FileStream..ctor(string,System.IO.FileMode,System.IO.FileAccess,System.IO.FileShare,int,System.IO.FileOptions)
  at System.IO.StreamReader..ctor (System.String path, System.Text.Encoding encoding, System.Boolean detectEncodingFromByteOrderMarks, System.Int32 bufferSize) [0x00055] in <9aad1b3a47484d63ba2b3985692d80e9>:0 
  at System.IO.StreamReader..ctor (System.String path, System.Text.Encoding encoding, System.Boolean detectEncodingFromByteOrderMarks) [0x00000] in <9aad1b3a47484d63ba2b3985692d80e9>:0 
  at (wrapper remoting-invoke-with-check) System.IO.StreamReader..ctor(string,System.Text.Encoding,bool)
  at System.IO.File.InternalReadAllText (System.String path, System.Text.Encoding encoding) [0x00000] in <9aad1b3a47484d63ba2b3985692d80e9>:0 
  at System.IO.File.ReadAllText (System.String path, System.Text.Encoding encoding) [0x00034] in <9aad1b3a47484d63ba2b3985692d80e9>:0 
  at UnityEditor.StateCache`1[T].GetState (UnityEngine.Hash128 key, T defaultValue) [0x00041] in <4e64905d831f4883a53259ef37fb023b>:0 
UnityEngine.StackTraceUtility:ExtractStackTrace ()
UnityEngine.DebugLogHandler:LogFormat (UnityEngine.LogType,UnityEngine.Object,string,object[])
UnityEngine.Logger:Log (UnityEngine.LogType,object)
UnityEngine.Debug:LogError (object)
UnityEditor.StateCache`1<UnityEditor.Tools/LayerSettings>:GetState (UnityEngine.Hash128,UnityEditor.Tools/LayerSettings)
UnityEditor.Tools:OnEnable ()
UnityEngine.ScriptableObject:CreateInstance (System.Type)
UnityEngine.ScriptableObject:CreateInstance<UnityEditor.Tools> ()
UnityEditor.Tools:get_get ()
UnityEditor.Tools:get_visibleLayers ()
UnityEditor.Animations.Rigging.BoneRendererUtils:.cctor () (at Library/PackageCache/com.unity.animation.rigging@1.1.1/Editor/Utils/BoneRendererUtils.cs:121)
System.Runtime.CompilerServices.RuntimeHelpers:RunClassConstructor (System.RuntimeTypeHandle)
UnityEditor.EditorAssemblies:ProcessInitializeOnLoadAttributes (System.Type[])

(Filename: Library/PackageCache/com.unity.animation.rigging@1.1.1/Editor/Utils/BoneRendererUtils.cs Line: 121)

Mono: successfully reloaded assembly
- Completed reload, in  1.598 seconds
Domain Reload Profiling:
	ReloadAssembly (1599ms)
		BeginReloadAssembly (197ms)
			ExecutionOrderSort (0ms)
			DisableScriptedObjects (7ms)
			BackupInstance (0ms)
			ReleaseScriptingObjects (0ms)
			CreateAndSetChildDomain (37ms)
		EndReloadAssembly (1273ms)
			LoadAssemblies (148ms)
			RebuildTransferFunctionScriptingTraits (0ms)
			SetupTypeCache (575ms)
			ReleaseScriptCaches (2ms)
			RebuildScriptCaches (63ms)
			SetupLoadedEditorAssemblies (510ms)
				LogAssemblyErrors (0ms)
				InitializePlatformSupportModulesInManaged (12ms)
				SetLoadedEditorAssemblies (0ms)
				RefreshPlugins (2ms)
				BeforeProcessingInitializeOnLoad (82ms)
				ProcessInitializeOnLoadAttributes (267ms)
				ProcessInitializeOnLoadMethodAttributes (142ms)
				AfterProcessingInitializeOnLoad (4ms)
				EditorAssembliesLoaded (0ms)
			ExecutionOrderSort2 (0ms)
			AwakeInstancesAfterBackupRestoration (10ms)
Platform modules already initialized, skipping
Shader 'BOXOPHOBIC/Polyverse Skies/Standard': fallback shader 'False' not found
Shader 'BOXOPHOBIC/Polyverse Skies/Simple': fallback shader 'False' not found
Refreshing native plugins compatible for Editor in 4.64 ms, found 2 plugins.
Preloading 0 native plugins for Editor in 0.00 ms.
Unloading 3180 Unused Serialized files (Serialized files now loaded: 0)
Unloading 60 unused Assets / (96.4 KB). Loaded Objects now: 3674.
Memory consumption went from 156.1 MB to 156.0 MB.
Total: 5.330200 ms (FindLiveObjects: 0.207600 ms CreateObjectMapping: 0.113200 ms MarkObjects: 4.928000 ms  DeleteObjects: 0.080400 ms)

AssetImportParameters requested are different than current active one (requested -> active):
  custom:video-decoder-ogg-theora: a1e56fd34408186e4bbccfd4996cb3dc -> 
  custom:container-muxer-webm: aa71ff27fc2769a1b78a27578f13a17b -> 
  custom:container-demuxer-webm: 4f35f7cbe854078d1ac9338744f61a02 -> 
  custom:video-encoder-webm-vp8: eb34c28f22e8b96e1ab97ce403110664 -> 
  custom:audio-encoder-webm-vorbis: bf7c407c2cedff20999df2af8eb42d56 -> 
  custom:framework-win-MediaFoundation: 216162199b28c13a410421893ffa2e32 -> 
  custom:container-demuxer-ogg: 62fdf1f143b41e24485cea50d1cbac27 -> 
  custom:video-decoder-webm-vp8: 9c59270c3fd7afecdb556c50c9e8de78 -> 
  custom:audio-decoder-ogg-vorbis: bf7c407c2cedff20999df2af8eb42d56 -> 
========================================================================
Received Prepare
Registering precompiled user dll's ...
Registered in 0.004004 seconds.
Begin MonoManager ReloadAssembly
Native extension for UWP target not found
Native extension for WindowsStandalone target not found
Refreshing native plugins compatible for Editor in 1.13 ms, found 2 plugins.
Preloading 0 native plugins for Editor in 0.00 ms.
Error saving file Library/StateCache/LayerSettings/9e/9ecc5c3c162a7aba29bafa64c8b94b7c.json. Error: System.IO.IOException: Sharing violation on path C:\Users\pauga\Documents\GitHub\cod\Library\StateCache\LayerSettings\9e\9ecc5c3c162a7aba29bafa64c8b94b7c.json
  at System.IO.FileStream..ctor (System.String path, System.IO.FileMode mode, System.IO.FileAccess access, System.IO.FileShare share, System.Int32 bufferSize, System.Boolean anonymous, System.IO.FileOptions options) [0x0019e] in <9aad1b3a47484d63ba2b3985692d80e9>:0 
  at System.IO.FileStream..ctor (System.String path, System.IO.FileMode mode, System.IO.FileAccess access, System.IO.FileShare share, System.Int32 bufferSize, System.IO.FileOptions options) [0x00000] in <9aad1b3a47484d63ba2b3985692d80e9>:0 
  at (wrapper remoting-invoke-with-check) System.IO.FileStream..ctor(string,System.IO.FileMode,System.IO.FileAccess,System.IO.FileShare,int,System.IO.FileOptions)
  at System.IO.StreamWriter..ctor (System.String path, System.Boolean append, System.Text.Encoding encoding, System.Int32 bufferSize) [0x00055] in <9aad1b3a47484d63ba2b3985692d80e9>:0 
  at System.IO.StreamWriter..ctor (System.String path, System.Boolean append, System.Text.Encoding encoding) [0x00000] in <9aad1b3a47484d63ba2b3985692d80e9>:0 
  at (wrapper remoting-invoke-with-check) System.IO.StreamWriter..ctor(string,bool,System.Text.Encoding)
  at System.IO.File.WriteAllText (System.String path, System.String contents, System.Text.Encoding encoding) [0x00034] in <9aad1b3a47484d63ba2b3985692d80e9>:0 
  at UnityEditor.StateCache`1[T].SetState (UnityEngine.Hash128 key, T obj) [0x0004b] in <4e64905d831f4883a53259ef37fb023b>:0 
UnityEngine.StackTraceUtility:ExtractStackTrace ()
UnityEngine.DebugLogHandler:LogFormat (UnityEngine.LogType,UnityEngine.Object,string,object[])
UnityEngine.Logger:Log (UnityEngine.LogType,object)
UnityEngine.Debug:LogError (object)
UnityEditor.StateCache`1<UnityEditor.Tools/LayerSettings>:SetState (UnityEngine.Hash128,UnityEditor.Tools/LayerSettings)
UnityEditor.Tools:set_lockedLayers (int)
UnityEditor.Tools:OnEnable ()

Mono: successfully reloaded assembly
- Completed reload, in  1.022 seconds
Domain Reload Profiling:
	ReloadAssembly (1023ms)
		BeginReloadAssembly (104ms)
			ExecutionOrderSort (0ms)
			DisableScriptedObjects (6ms)
			BackupInstance (0ms)
			ReleaseScriptingObjects (0ms)
			CreateAndSetChildDomain (29ms)
		EndReloadAssembly (835ms)
			LoadAssemblies (67ms)
			RebuildTransferFunctionScriptingTraits (0ms)
			SetupTypeCache (183ms)
			ReleaseScriptCaches (1ms)
			RebuildScriptCaches (50ms)
			SetupLoadedEditorAssemblies (484ms)
				LogAssemblyErrors (0ms)
				InitializePlatformSupportModulesInManaged (11ms)
				SetLoadedEditorAssemblies (0ms)
				RefreshPlugins (1ms)
				BeforeProcessingInitializeOnLoad (80ms)
				ProcessInitializeOnLoadAttributes (252ms)
				ProcessInitializeOnLoadMethodAttributes (137ms)
				AfterProcessingInitializeOnLoad (3ms)
				EditorAssembliesLoaded (0ms)
			ExecutionOrderSort2 (0ms)
			AwakeInstancesAfterBackupRestoration (16ms)
Platform modules already initialized, skipping
Shader 'BOXOPHOBIC/Polyverse Skies/Standard': fallback shader 'False' not found
Shader 'BOXOPHOBIC/Polyverse Skies/Simple': fallback shader 'False' not found
Refreshing native plugins compatible for Editor in 4.15 ms, found 2 plugins.
Preloading 0 native plugins for Editor in 0.00 ms.
Unloading 3180 Unused Serialized files (Serialized files now loaded: 0)
Unloading 60 unused Assets / (96.4 KB). Loaded Objects now: 3678.
Memory consumption went from 156.1 MB to 156.0 MB.
Total: 5.503800 ms (FindLiveObjects: 0.208400 ms CreateObjectMapping: 0.126600 ms MarkObjects: 5.126200 ms  DeleteObjects: 0.041400 ms)

AssetImportParameters requested are different than current active one (requested -> active):
  custom:video-decoder-ogg-theora: a1e56fd34408186e4bbccfd4996cb3dc -> 
  custom:container-muxer-webm: aa71ff27fc2769a1b78a27578f13a17b -> 
  custom:container-demuxer-webm: 4f35f7cbe854078d1ac9338744f61a02 -> 
  custom:video-encoder-webm-vp8: eb34c28f22e8b96e1ab97ce403110664 -> 
  custom:audio-encoder-webm-vorbis: bf7c407c2cedff20999df2af8eb42d56 -> 
  custom:framework-win-MediaFoundation: 216162199b28c13a410421893ffa2e32 -> 
  custom:container-demuxer-ogg: 62fdf1f143b41e24485cea50d1cbac27 -> 
  custom:video-decoder-webm-vp8: 9c59270c3fd7afecdb556c50c9e8de78 -> 
  custom:audio-decoder-ogg-vorbis: bf7c407c2cedff20999df2af8eb42d56 -> 
========================================================================
Received Prepare
Registering precompiled user dll's ...
Registered in 0.003983 seconds.
Begin MonoManager ReloadAssembly
Native extension for UWP target not found
Native extension for WindowsStandalone target not found
Refreshing native plugins compatible for Editor in 1.15 ms, found 2 plugins.
Preloading 0 native plugins for Editor in 0.00 ms.
Error saving file Library/StateCache/LayerSettings/9e/9ecc5c3c162a7aba29bafa64c8b94b7c.json. Error: System.IO.IOException: Sharing violation on path C:\Users\pauga\Documents\GitHub\cod\Library\StateCache\LayerSettings\9e\9ecc5c3c162a7aba29bafa64c8b94b7c.json
  at System.IO.FileStream..ctor (System.String path, System.IO.FileMode mode, System.IO.FileAccess access, System.IO.FileShare share, System.Int32 bufferSize, System.Boolean anonymous, System.IO.FileOptions options) [0x0019e] in <9aad1b3a47484d63ba2b3985692d80e9>:0 
  at System.IO.FileStream..ctor (System.String path, System.IO.FileMode mode, System.IO.FileAccess access, System.IO.FileShare share, System.Int32 bufferSize, System.IO.FileOptions options) [0x00000] in <9aad1b3a47484d63ba2b3985692d80e9>:0 
  at (wrapper remoting-invoke-with-check) System.IO.FileStream..ctor(string,System.IO.FileMode,System.IO.FileAccess,System.IO.FileShare,int,System.IO.FileOptions)
  at System.IO.StreamWriter..ctor (System.String path, System.Boolean append, System.Text.Encoding encoding, System.Int32 bufferSize) [0x00055] in <9aad1b3a47484d63ba2b3985692d80e9>:0 
  at System.IO.StreamWriter..ctor (System.String path, System.Boolean append, System.Text.Encoding encoding) [0x00000] in <9aad1b3a47484d63ba2b3985692d80e9>:0 
  at (wrapper remoting-invoke-with-check) System.IO.StreamWriter..ctor(string,bool,System.Text.Encoding)
  at System.IO.File.WriteAllText (System.String path, System.String contents, System.Text.Encoding encoding) [0x00034] in <9aad1b3a47484d63ba2b3985692d80e9>:0 
  at UnityEditor.StateCache`1[T].SetState (UnityEngine.Hash128 key, T obj) [0x0004b] in <4e64905d831f4883a53259ef37fb023b>:0 
UnityEngine.StackTraceUtility:ExtractStackTrace ()
UnityEngine.DebugLogHandler:LogFormat (UnityEngine.LogType,UnityEngine.Object,string,object[])
UnityEngine.Logger:Log (UnityEngine.LogType,object)
UnityEngine.Debug:LogError (object)
UnityEditor.StateCache`1<UnityEditor.Tools/LayerSettings>:SetState (UnityEngine.Hash128,UnityEditor.Tools/LayerSettings)
UnityEditor.Tools:set_lockedLayers (int)
UnityEditor.Tools:OnEnable ()

Mono: successfully reloaded assembly
- Completed reload, in  1.045 seconds
Domain Reload Profiling:
	ReloadAssembly (1045ms)
		BeginReloadAssembly (109ms)
			ExecutionOrderSort (0ms)
			DisableScriptedObjects (6ms)
			BackupInstance (0ms)
			ReleaseScriptingObjects (0ms)
			CreateAndSetChildDomain (29ms)
		EndReloadAssembly (846ms)
			LoadAssemblies (69ms)
			RebuildTransferFunctionScriptingTraits (0ms)
			SetupTypeCache (189ms)
			ReleaseScriptCaches (1ms)
			RebuildScriptCaches (51ms)
			SetupLoadedEditorAssemblies (481ms)
				LogAssemblyErrors (0ms)
				InitializePlatformSupportModulesInManaged (14ms)
				SetLoadedEditorAssemblies (0ms)
				RefreshPlugins (1ms)
				BeforeProcessingInitializeOnLoad (72ms)
				ProcessInitializeOnLoadAttributes (248ms)
				ProcessInitializeOnLoadMethodAttributes (141ms)
				AfterProcessingInitializeOnLoad (3ms)
				EditorAssembliesLoaded (0ms)
			ExecutionOrderSort2 (0ms)
			AwakeInstancesAfterBackupRestoration (15ms)
Platform modules already initialized, skipping
Shader 'BOXOPHOBIC/Polyverse Skies/Standard': fallback shader 'False' not found
Shader 'BOXOPHOBIC/Polyverse Skies/Simple': fallback shader 'False' not found
Refreshing native plugins compatible for Editor in 4.10 ms, found 2 plugins.
Preloading 0 native plugins for Editor in 0.00 ms.
Unloading 3180 Unused Serialized files (Serialized files now loaded: 0)
Unloading 60 unused Assets / (96.5 KB). Loaded Objects now: 3682.
Memory consumption went from 156.2 MB to 156.1 MB.
Total: 5.450000 ms (FindLiveObjects: 0.211600 ms CreateObjectMapping: 0.111900 ms MarkObjects: 5.074800 ms  DeleteObjects: 0.050800 ms)

AssetImportParameters requested are different than current active one (requested -> active):
  custom:video-decoder-ogg-theora: a1e56fd34408186e4bbccfd4996cb3dc -> 
  custom:container-muxer-webm: aa71ff27fc2769a1b78a27578f13a17b -> 
  custom:container-demuxer-webm: 4f35f7cbe854078d1ac9338744f61a02 -> 
  custom:video-encoder-webm-vp8: eb34c28f22e8b96e1ab97ce403110664 -> 
  custom:audio-encoder-webm-vorbis: bf7c407c2cedff20999df2af8eb42d56 -> 
  custom:framework-win-MediaFoundation: 216162199b28c13a410421893ffa2e32 -> 
  custom:container-demuxer-ogg: 62fdf1f143b41e24485cea50d1cbac27 -> 
  custom:video-decoder-webm-vp8: 9c59270c3fd7afecdb556c50c9e8de78 -> 
  custom:audio-decoder-ogg-vorbis: bf7c407c2cedff20999df2af8eb42d56 -> 
========================================================================
Received Prepare
Registering precompiled user dll's ...
Registered in 0.004011 seconds.
Begin MonoManager ReloadAssembly
Native extension for UWP target not found
Native extension for WindowsStandalone target not found
Refreshing native plugins compatible for Editor in 1.35 ms, found 2 plugins.
Preloading 0 native plugins for Editor in 0.00 ms.
Mono: successfully reloaded assembly
- Completed reload, in  1.063 seconds
Domain Reload Profiling:
	ReloadAssembly (1064ms)
		BeginReloadAssembly (106ms)
			ExecutionOrderSort (0ms)
			DisableScriptedObjects (5ms)
			BackupInstance (0ms)
			ReleaseScriptingObjects (0ms)
			CreateAndSetChildDomain (29ms)
		EndReloadAssembly (866ms)
			LoadAssemblies (67ms)
			RebuildTransferFunctionScriptingTraits (0ms)
			SetupTypeCache (186ms)
			ReleaseScriptCaches (1ms)
			RebuildScriptCaches (55ms)
			SetupLoadedEditorAssemblies (503ms)
				LogAssemblyErrors (0ms)
				InitializePlatformSupportModulesInManaged (12ms)
				SetLoadedEditorAssemblies (0ms)
				RefreshPlugins (1ms)
				BeforeProcessingInitializeOnLoad (79ms)
				ProcessInitializeOnLoadAttributes (260ms)
				ProcessInitializeOnLoadMethodAttributes (146ms)
				AfterProcessingInitializeOnLoad (4ms)
				EditorAssembliesLoaded (0ms)
			ExecutionOrderSort2 (0ms)
			AwakeInstancesAfterBackupRestoration (11ms)
Platform modules already initialized, skipping
Shader 'BOXOPHOBIC/Polyverse Skies/Standard': fallback shader 'False' not found
Shader 'BOXOPHOBIC/Polyverse Skies/Simple': fallback shader 'False' not found
Refreshing native plugins compatible for Editor in 4.63 ms, found 2 plugins.
Preloading 0 native plugins for Editor in 0.00 ms.
Unloading 3180 Unused Serialized files (Serialized files now loaded: 0)
Unloading 60 unused Assets / (96.4 KB). Loaded Objects now: 3686.
Memory consumption went from 156.2 MB to 156.1 MB.
Total: 6.655400 ms (FindLiveObjects: 0.217600 ms CreateObjectMapping: 0.197400 ms MarkObjects: 6.163500 ms  DeleteObjects: 0.076000 ms)

AssetImportParameters requested are different than current active one (requested -> active):
  custom:video-decoder-ogg-theora: a1e56fd34408186e4bbccfd4996cb3dc -> 
  custom:container-muxer-webm: aa71ff27fc2769a1b78a27578f13a17b -> 
  custom:container-demuxer-webm: 4f35f7cbe854078d1ac9338744f61a02 -> 
  custom:video-encoder-webm-vp8: eb34c28f22e8b96e1ab97ce403110664 -> 
  custom:audio-encoder-webm-vorbis: bf7c407c2cedff20999df2af8eb42d56 -> 
  custom:framework-win-MediaFoundation: 216162199b28c13a410421893ffa2e32 -> 
  custom:container-demuxer-ogg: 62fdf1f143b41e24485cea50d1cbac27 -> 
  custom:video-decoder-webm-vp8: 9c59270c3fd7afecdb556c50c9e8de78 -> 
  custom:audio-decoder-ogg-vorbis: bf7c407c2cedff20999df2af8eb42d56 -> 
========================================================================
Received Import Request.
  Time since last request: 1478.698601 seconds.
  path: Assets/PolygonParticles/Models/FX_Arrow_01.fbx
  artifactKey: Guid(6a52a887f336e794ba8205d3a77fb27c) Importer(815301076,1909f56bfc062723c751e8b465ee728b)
Start importing Assets/PolygonParticles/Models/FX_Arrow_01.fbx using Guid(6a52a887f336e794ba8205d3a77fb27c) Importer(815301076,1909f56bfc062723c751e8b465ee728b)  -> (artifact id: 'd235c90225f0c5ca8698c4644c8e9c53') in 0.127248 seconds 
========================================================================
Received Import Request.
  Time since last request: 0.000024 seconds.
  path: Assets/PolygonParticles/Models/FX_Money_Coin_01.fbx
  artifactKey: Guid(21f9ef9f074f5304d9971cd99755a1b6) Importer(815301076,1909f56bfc062723c751e8b465ee728b)
Start importing Assets/PolygonParticles/Models/FX_Money_Coin_01.fbx using Guid(21f9ef9f074f5304d9971cd99755a1b6) Importer(815301076,1909f56bfc062723c751e8b465ee728b)  -> (artifact id: '3e8fab69cabcb3e28b4f98a27c297a73') in 0.039471 seconds 
========================================================================
Received Import Request.
  Time since last request: 0.000024 seconds.
  path: Assets/PolygonParticles/Models/FX_Crystal_01.fbx
  artifactKey: Guid(9115d2cb5328f3344829360e8791a466) Importer(815301076,1909f56bfc062723c751e8b465ee728b)
Start importing Assets/PolygonParticles/Models/FX_Crystal_01.fbx using Guid(9115d2cb5328f3344829360e8791a466) Importer(815301076,1909f56bfc062723c751e8b465ee728b)  -> (artifact id: '30642e6fc115211027e63483f6bd02e8') in 0.027611 seconds 
========================================================================
Received Import Request.
  Time since last request: 0.000018 seconds.
  path: Assets/PolygonParticles/Models/FX_Shard_Rock_03.fbx
  artifactKey: Guid(cfd0443e83a32b649a2b2814020436cd) Importer(815301076,1909f56bfc062723c751e8b465ee728b)
Start importing Assets/PolygonParticles/Models/FX_Shard_Rock_03.fbx using Guid(cfd0443e83a32b649a2b2814020436cd) Importer(815301076,1909f56bfc062723c751e8b465ee728b)  -> (artifact id: 'e23a2ef06c274173bd4b46ac7a188f87') in 0.032661 seconds 
========================================================================
Received Import Request.
  Time since last request: 0.000017 seconds.
  path: Assets/PolygonParticles/Models/FX_Sphere.fbx
  artifactKey: Guid(15b0bdf9f5b875149add11487c3d0879) Importer(815301076,1909f56bfc062723c751e8b465ee728b)
Start importing Assets/PolygonParticles/Models/FX_Sphere.fbx using Guid(15b0bdf9f5b875149add11487c3d0879) Importer(815301076,1909f56bfc062723c751e8b465ee728b)  -> (artifact id: 'c6063bcfb69873ab32a563f9b582943c') in 0.038473 seconds 
========================================================================
Received Import Request.
  Time since last request: 0.000019 seconds.
  path: Assets/PolygonParticles/Models/FX_Sphere_Pivot_01.fbx
  artifactKey: Guid(24f5f033eb0f6b543a548b5e7268b7a5) Importer(815301076,1909f56bfc062723c751e8b465ee728b)
Start importing Assets/PolygonParticles/Models/FX_Sphere_Pivot_01.fbx using Guid(24f5f033eb0f6b543a548b5e7268b7a5) Importer(815301076,1909f56bfc062723c751e8b465ee728b)  -> (artifact id: '8420bb06eb50864e8788ad1059ddab4d') in 0.028835 seconds 
========================================================================
Received Import Request.
  Time since last request: 0.000044 seconds.
  path: Assets/PolygonParticles/Models/FX_Sphere_Spikes_01.fbx
  artifactKey: Guid(26e5fa40fa447fd429607f152a8eba31) Importer(815301076,1909f56bfc062723c751e8b465ee728b)
Start importing Assets/PolygonParticles/Models/FX_Sphere_Spikes_01.fbx using Guid(26e5fa40fa447fd429607f152a8eba31) Importer(815301076,1909f56bfc062723c751e8b465ee728b)  -> (artifact id: '8fbf2de13fa618067dc9d23b4dc1353a') in 0.032140 seconds 
========================================================================
Received Import Request.
  Time since last request: 0.000015 seconds.
  path: Assets/PolygonParticles/Models/SM_GoreChunk_04.fbx
  artifactKey: Guid(280c0d6d103b97d44822e59f9aa95833) Importer(815301076,1909f56bfc062723c751e8b465ee728b)
Start importing Assets/PolygonParticles/Models/SM_GoreChunk_04.fbx using Guid(280c0d6d103b97d44822e59f9aa95833) Importer(815301076,1909f56bfc062723c751e8b465ee728b)  -> (artifact id: '27c8e05e62e67669409ab9e3a40cc6ed') in 0.036465 seconds 
========================================================================
Received Import Request.
  Time since last request: 0.000017 seconds.
  path: Assets/PolygonParticles/Models/FX_Sphere_Puff_01.fbx
  artifactKey: Guid(ea8b579fee027444ba23862cc3cc5956) Importer(815301076,1909f56bfc062723c751e8b465ee728b)
Start importing Assets/PolygonParticles/Models/FX_Sphere_Puff_01.fbx using Guid(ea8b579fee027444ba23862cc3cc5956) Importer(815301076,1909f56bfc062723c751e8b465ee728b)  -> (artifact id: 'c891b19aafe4ede3abd2ff3f31f8d94f') in 0.034741 seconds 
========================================================================
Received Import Request.
  Time since last request: 0.000022 seconds.
  path: Assets/PolygonParticles/Models/FX_Cone_01.fbx
  artifactKey: Guid(cec2b9851c870834f9b042c808cff53e) Importer(815301076,1909f56bfc062723c751e8b465ee728b)
Start importing Assets/PolygonParticles/Models/FX_Cone_01.fbx using Guid(cec2b9851c870834f9b042c808cff53e) Importer(815301076,1909f56bfc062723c751e8b465ee728b)  -> (artifact id: '3ebd36fad88cd6b2e8f016b6859489ef') in 0.039184 seconds 
========================================================================
Received Import Request.
  Time since last request: 0.000013 seconds.
  path: Assets/PolygonParticles/Models/FX_Vine_01.fbx
  artifactKey: Guid(8ffd52849720fc94e85116e8a516870a) Importer(815301076,1909f56bfc062723c751e8b465ee728b)
Start importing Assets/PolygonParticles/Models/FX_Vine_01.fbx using Guid(8ffd52849720fc94e85116e8a516870a) Importer(815301076,1909f56bfc062723c751e8b465ee728b)  -> (artifact id: '78c130978e0d9c9db97a631512e117fb') in 0.023425 seconds 
========================================================================
Received Import Request.
  Time since last request: 0.000018 seconds.
  path: Assets/PolygonParticles/Models/FX_Vine_03.fbx
  artifactKey: Guid(f2d9cca9ec7e3e4468eb7a7e4f0db98d) Importer(815301076,1909f56bfc062723c751e8b465ee728b)
Start importing Assets/PolygonParticles/Models/FX_Vine_03.fbx using Guid(f2d9cca9ec7e3e4468eb7a7e4f0db98d) Importer(815301076,1909f56bfc062723c751e8b465ee728b)  -> (artifact id: 'eecad372e451b2f13016824546f5596e') in 0.019982 seconds 
========================================================================
Received Import Request.
  Time since last request: 0.000022 seconds.
  path: Assets/PolygonParticles/Models/FX_Shard_Rock_02.fbx
  artifactKey: Guid(229fc241a317bb44084236f392685781) Importer(815301076,1909f56bfc062723c751e8b465ee728b)
Start importing Assets/PolygonParticles/Models/FX_Shard_Rock_02.fbx using Guid(229fc241a317bb44084236f392685781) Importer(815301076,1909f56bfc062723c751e8b465ee728b)  -> (artifact id: '26b6503be49e72e92fb80074e76bccec') in 0.023255 seconds 
========================================================================
Received Import Request.
  Time since last request: 0.000018 seconds.
  path: Assets/PolygonParticles/Models/FX_Star_Pivot.fbx
  artifactKey: Guid(a95782c1aa2915647a6294f31ef1dfb4) Importer(815301076,1909f56bfc062723c751e8b465ee728b)
Start importing Assets/PolygonParticles/Models/FX_Star_Pivot.fbx using Guid(a95782c1aa2915647a6294f31ef1dfb4) Importer(815301076,1909f56bfc062723c751e8b465ee728b)  -> (artifact id: 'dd462b541487d3548675b88e9e24fad8') in 0.024386 seconds 
========================================================================
Received Import Request.
  Time since last request: 0.000031 seconds.
  path: Assets/PolygonParticles/Models/FX_Sphere_01.fbx
  artifactKey: Guid(319d9b31292d2e04f88a3599f04b7786) Importer(815301076,1909f56bfc062723c751e8b465ee728b)
Start importing Assets/PolygonParticles/Models/FX_Sphere_01.fbx using Guid(319d9b31292d2e04f88a3599f04b7786) Importer(815301076,1909f56bfc062723c751e8b465ee728b)  -> (artifact id: '551e1a5ed9cedcb550789c71899a5dbe') in 0.021972 seconds 
========================================================================
Received Import Request.
  Time since last request: 0.000024 seconds.
  path: Assets/PolygonParticles/Models/FX_Crystal_03.fbx
  artifactKey: Guid(a2514e414ecf10a4e81bf67ca9f17722) Importer(815301076,1909f56bfc062723c751e8b465ee728b)
Start importing Assets/PolygonParticles/Models/FX_Crystal_03.fbx using Guid(a2514e414ecf10a4e81bf67ca9f17722) Importer(815301076,1909f56bfc062723c751e8b465ee728b)  -> (artifact id: 'a9e202459589e76b2286a09a2247ea06') in 0.022036 seconds 
========================================================================
Received Import Request.
  Time since last request: 0.000025 seconds.
  path: Assets/PolygonParticles/Models/SM_GoreChunk_01.fbx
  artifactKey: Guid(42d285dbfe3e3b64189e747d4e5ab2b2) Importer(815301076,1909f56bfc062723c751e8b465ee728b)
Start importing Assets/PolygonParticles/Models/SM_GoreChunk_01.fbx using Guid(42d285dbfe3e3b64189e747d4e5ab2b2) Importer(815301076,1909f56bfc062723c751e8b465ee728b)  -> (artifact id: '5a74acf14303a70327499b2c097b2aa4') in 0.025806 seconds 
========================================================================
Received Import Request.
  Time since last request: 0.000030 seconds.
  path: Assets/PolygonParticles/Models/SM_Flame_FX.fbx
  artifactKey: Guid(6d28c9c116987bf48a324fbc8d8be373) Importer(815301076,1909f56bfc062723c751e8b465ee728b)
Start importing Assets/PolygonParticles/Models/SM_Flame_FX.fbx using Guid(6d28c9c116987bf48a324fbc8d8be373) Importer(815301076,1909f56bfc062723c751e8b465ee728b)  -> (artifact id: 'af55d1d92fa6c2bc31930d10c9ba24e1') in 0.028866 seconds 
========================================================================
Received Import Request.
  Time since last request: 0.000023 seconds.
  path: Assets/PolygonParticles/Models/FX_Cylinder_02.fbx
  artifactKey: Guid(241e478857fef114eac8f58872ef0104) Importer(815301076,1909f56bfc062723c751e8b465ee728b)
Start importing Assets/PolygonParticles/Models/FX_Cylinder_02.fbx using Guid(241e478857fef114eac8f58872ef0104) Importer(815301076,1909f56bfc062723c751e8b465ee728b)  -> (artifact id: '993748fb93cab0d3fce1a98f831ecbd9') in 0.019418 seconds 
========================================================================
Received Import Request.
  Time since last request: 0.000021 seconds.
  path: Assets/PolygonParticles/Models/FX_Bullet_Trail_01.fbx
  artifactKey: Guid(3a39e5c96bdfa69419bbc849a8aba2d4) Importer(815301076,1909f56bfc062723c751e8b465ee728b)
Start importing Assets/PolygonParticles/Models/FX_Bullet_Trail_01.fbx using Guid(3a39e5c96bdfa69419bbc849a8aba2d4) Importer(815301076,1909f56bfc062723c751e8b465ee728b)  -> (artifact id: '2ffe62d12ac6422443583abfc365e46e') in 0.020083 seconds 
========================================================================
Received Import Request.
  Time since last request: 0.000016 seconds.
  path: Assets/PolygonParticles/Models/FX_Money_Note_01.fbx
  artifactKey: Guid(3798343052282a14da592c41bfc00849) Importer(815301076,1909f56bfc062723c751e8b465ee728b)
Start importing Assets/PolygonParticles/Models/FX_Money_Note_01.fbx using Guid(3798343052282a14da592c41bfc00849) Importer(815301076,1909f56bfc062723c751e8b465ee728b)  -> (artifact id: '3bf5bd366870cefa2041f8e1c4e3bcfb') in 0.020530 seconds 
========================================================================
Received Import Request.
  Time since last request: 0.000018 seconds.
  path: Assets/PolygonParticles/Models/FX_Shard_Rock_01.fbx
  artifactKey: Guid(80d58589634d74c4db24453c22522574) Importer(815301076,1909f56bfc062723c751e8b465ee728b)
Start importing Assets/PolygonParticles/Models/FX_Shard_Rock_01.fbx using Guid(80d58589634d74c4db24453c22522574) Importer(815301076,1909f56bfc062723c751e8b465ee728b)  -> (artifact id: '9e0b3606ae2e0a733d6a21a3a5736903') in 0.020807 seconds 
========================================================================
Received Import Request.
  Time since last request: 0.000018 seconds.
  path: Assets/PolygonParticles/Models/FX_Heart_01.fbx
  artifactKey: Guid(14c8c21ade1af6a49968dac473c756f2) Importer(815301076,1909f56bfc062723c751e8b465ee728b)
Start importing Assets/PolygonParticles/Models/FX_Heart_01.fbx using Guid(14c8c21ade1af6a49968dac473c756f2) Importer(815301076,1909f56bfc062723c751e8b465ee728b)  -> (artifact id: '56f3ca33cf4ff6e25505806b4d36f33c') in 0.021291 seconds 
========================================================================
Received Import Request.
  Time since last request: 0.000022 seconds.
  path: Assets/PolygonParticles/Models/FX_Star.fbx
  artifactKey: Guid(e85294d06423fe64c8ff30e832f26a46) Importer(815301076,1909f56bfc062723c751e8b465ee728b)
Start importing Assets/PolygonParticles/Models/FX_Star.fbx using Guid(e85294d06423fe64c8ff30e832f26a46) Importer(815301076,1909f56bfc062723c751e8b465ee728b)  -> (artifact id: '4fcad2fec515b4e107a9dd6761332eac') in 0.019835 seconds 
========================================================================
Received Import Request.
  Time since last request: 0.000023 seconds.
  path: Assets/PolygonParticles/Models/SM_LightRayCube 1.fbx
  artifactKey: Guid(8297447ef77c7ab458f861bdd4a1885c) Importer(815301076,1909f56bfc062723c751e8b465ee728b)
Start importing Assets/PolygonParticles/Models/SM_LightRayCube 1.fbx using Guid(8297447ef77c7ab458f861bdd4a1885c) Importer(815301076,1909f56bfc062723c751e8b465ee728b)  -> (artifact id: '8c77daa863db0da23432243aa90f21a7') in 0.028536 seconds 
========================================================================
Received Import Request.
  Time since last request: 0.000020 seconds.
  path: Assets/PolygonParticles/Models/FX_Sphere_Spikes_02.fbx
  artifactKey: Guid(fd71f565f844ac04b92d939242ffed9f) Importer(815301076,1909f56bfc062723c751e8b465ee728b)
Start importing Assets/PolygonParticles/Models/FX_Sphere_Spikes_02.fbx using Guid(fd71f565f844ac04b92d939242ffed9f) Importer(815301076,1909f56bfc062723c751e8b465ee728b)  -> (artifact id: '55243c3406e04abf1db15e9db1f4438a') in 0.020094 seconds 
========================================================================
Received Import Request.
  Time since last request: 0.000034 seconds.
  path: Assets/PolygonParticles/Models/FX_WoodChip_01.fbx
  artifactKey: Guid(8f7555f2a39ae4d47acc3d1fde3b0066) Importer(815301076,1909f56bfc062723c751e8b465ee728b)
Start importing Assets/PolygonParticles/Models/FX_WoodChip_01.fbx using Guid(8f7555f2a39ae4d47acc3d1fde3b0066) Importer(815301076,1909f56bfc062723c751e8b465ee728b)  -> (artifact id: 'e438bd2a0ef31aaa12f838fba903ce4e') in 0.019559 seconds 
========================================================================
Received Import Request.
  Time since last request: 1.822135 seconds.
  path: Assets/PolygonParticles/Models/SM_Particle_Smoke_01.fbx
  artifactKey: Guid(7bfae65ced095354882307b8dc9ee626) Importer(815301076,1909f56bfc062723c751e8b465ee728b)
Start importing Assets/PolygonParticles/Models/SM_Particle_Smoke_01.fbx using Guid(7bfae65ced095354882307b8dc9ee626) Importer(815301076,1909f56bfc062723c751e8b465ee728b)  -> (artifact id: '09519430e38e16f130410f2a01f1aac9') in 0.019068 seconds 
========================================================================
Received Import Request.
  Time since last request: 0.000020 seconds.
  path: Assets/PolygonParticles/Models/SM_Rock_04.fbx
  artifactKey: Guid(6d06fcdaf34f1494f95db8a06d252963) Importer(815301076,1909f56bfc062723c751e8b465ee728b)
Start importing Assets/PolygonParticles/Models/SM_Rock_04.fbx using Guid(6d06fcdaf34f1494f95db8a06d252963) Importer(815301076,1909f56bfc062723c751e8b465ee728b)  -> (artifact id: 'a63ace367d2139e037f2d5f84bd3dd08') in 0.019642 seconds 
========================================================================
Received Import Request.
  Time since last request: 0.000020 seconds.
  path: Assets/PolygonParticles/Models/SunShafts.fbx
  artifactKey: Guid(26e4a750d47e56a408d32a571488849e) Importer(815301076,1909f56bfc062723c751e8b465ee728b)
Start importing Assets/PolygonParticles/Models/SunShafts.fbx using Guid(26e4a750d47e56a408d32a571488849e) Importer(815301076,1909f56bfc062723c751e8b465ee728b)  -> (artifact id: '8c73ac6e8e23f3ba026a86fd485b699e') in 0.019955 seconds 
========================================================================
Received Import Request.
  Time since last request: 0.000017 seconds.
  path: Assets/PolygonParticles/Models/SM_Rock_01.fbx
  artifactKey: Guid(047fc1cd24ff3e945872c4f22e03d106) Importer(815301076,1909f56bfc062723c751e8b465ee728b)
Start importing Assets/PolygonParticles/Models/SM_Rock_01.fbx using Guid(047fc1cd24ff3e945872c4f22e03d106) Importer(815301076,1909f56bfc062723c751e8b465ee728b)  -> (artifact id: 'fe1f24afc873922e7c3ddbb1bb2084a4') in 0.019611 seconds 
========================================================================
Received Import Request.
  Time since last request: 3.565889 seconds.
  path: Assets/PolygonParticles/Textures/PolygonParticles_BulletTrail.png
  artifactKey: Guid(03f9cd753cdaef945b4cefdcda283901) Importer(815301076,1909f56bfc062723c751e8b465ee728b)
Start importing Assets/PolygonParticles/Textures/PolygonParticles_BulletTrail.png using Guid(03f9cd753cdaef945b4cefdcda283901) Importer(815301076,1909f56bfc062723c751e8b465ee728b)  -> (artifact id: '958f921fdfb9586c3dcc6637836309dc') in 0.065219 seconds 
========================================================================
Received Import Request.
  Time since last request: 0.000023 seconds.
  path: Assets/PolygonParticles/Textures/PolygonParticles_Hexagon.png
  artifactKey: Guid(9b13fd76834a28c4fa9ea626ba446015) Importer(815301076,1909f56bfc062723c751e8b465ee728b)
Start importing Assets/PolygonParticles/Textures/PolygonParticles_Hexagon.png using Guid(9b13fd76834a28c4fa9ea626ba446015) Importer(815301076,1909f56bfc062723c751e8b465ee728b)  -> (artifact id: 'a194a7d4c1c80068591fd376eab3a260') in 0.022987 seconds 
========================================================================
Received Import Request.
  Time since last request: 0.000025 seconds.
  path: Assets/PolygonParticles/Textures/PolygonParticles_Wind.png
  artifactKey: Guid(bdf00413f80cc3f48a0036afb20b48bb) Importer(815301076,1909f56bfc062723c751e8b465ee728b)
Start importing Assets/PolygonParticles/Textures/PolygonParticles_Wind.png using Guid(bdf00413f80cc3f48a0036afb20b48bb) Importer(815301076,1909f56bfc062723c751e8b465ee728b)  -> (artifact id: '36ba0c749ad2c267e77bde8cae2aa680') in 0.021441 seconds 
========================================================================
Received Import Request.
  Time since last request: 0.000019 seconds.
  path: Assets/PolygonParticles/Textures/PolygonParticles_HalfCircle.png
  artifactKey: Guid(ce52a7627f791234aa84f247915ff610) Importer(815301076,1909f56bfc062723c751e8b465ee728b)
Start importing Assets/PolygonParticles/Textures/PolygonParticles_HalfCircle.png using Guid(ce52a7627f791234aa84f247915ff610) Importer(815301076,1909f56bfc062723c751e8b465ee728b)  -> (artifact id: 'ad4b29dfdc6581537a6b228f21d4a0e6') in 0.022170 seconds 
========================================================================
Received Import Request.
  Time since last request: 0.000018 seconds.
  path: Assets/PolygonParticles/Textures/PolygonParticles_Smoke_01.png
  artifactKey: Guid(608b0bba5c9806149ae5d24a33c606de) Importer(815301076,1909f56bfc062723c751e8b465ee728b)
Start importing Assets/PolygonParticles/Textures/PolygonParticles_Smoke_01.png using Guid(608b0bba5c9806149ae5d24a33c606de) Importer(815301076,1909f56bfc062723c751e8b465ee728b)  -> (artifact id: 'e093ef18d3dad8302320490ad3b9ee40') in 0.014971 seconds 
========================================================================
Received Import Request.
  Time since last request: 0.000017 seconds.
  path: Assets/PolygonParticles/Textures/PolygonParticles_Fumes_02.png
  artifactKey: Guid(35fe97dffff1d60489cad17aa767c885) Importer(815301076,1909f56bfc062723c751e8b465ee728b)
Start importing Assets/PolygonParticles/Textures/PolygonParticles_Fumes_02.png using Guid(35fe97dffff1d60489cad17aa767c885) Importer(815301076,1909f56bfc062723c751e8b465ee728b)  -> (artifact id: '7ad397ddece68f72cc4059e4f9f2d3bb') in 0.025122 seconds 
========================================================================
Received Import Request.
  Time since last request: 0.000075 seconds.
  path: Assets/PolygonParticles/Textures/PolygonParticles_RitualCircle_01.png
  artifactKey: Guid(a0b77b3cfe92a174e82c48936951c8f5) Importer(815301076,1909f56bfc062723c751e8b465ee728b)
Start importing Assets/PolygonParticles/Textures/PolygonParticles_RitualCircle_01.png using Guid(a0b77b3cfe92a174e82c48936951c8f5) Importer(815301076,1909f56bfc062723c751e8b465ee728b)  -> (artifact id: 'f071eb55760527aa81e0c2ee93e3e948') in 0.020813 seconds 
========================================================================
Received Import Request.
  Time since last request: 0.000028 seconds.
  path: Assets/PolygonParticles/Textures/PolygonParticles_Wings_Grid.png
  artifactKey: Guid(5f9e461b624488b4e8132701494f4867) Importer(815301076,1909f56bfc062723c751e8b465ee728b)
Start importing Assets/PolygonParticles/Textures/PolygonParticles_Wings_Grid.png using Guid(5f9e461b624488b4e8132701494f4867) Importer(815301076,1909f56bfc062723c751e8b465ee728b)  -> (artifact id: '7fb4cf73b2af8b382d9890f8723e7226') in 0.030201 seconds 
========================================================================
Received Import Request.
  Time since last request: 0.000017 seconds.
  path: Assets/PolygonParticles/Textures/PolygonParticles_SemiCircle.png
  artifactKey: Guid(f07e4b81cfc00d24e88a4b58da56db3e) Importer(815301076,1909f56bfc062723c751e8b465ee728b)
Start importing Assets/PolygonParticles/Textures/PolygonParticles_SemiCircle.png using Guid(f07e4b81cfc00d24e88a4b58da56db3e) Importer(815301076,1909f56bfc062723c751e8b465ee728b)  -> (artifact id: '16295c469ccf4cdcefc3158fda94bbef') in 0.019262 seconds 
========================================================================
Received Import Request.
  Time since last request: 5.443573 seconds.
  path: Assets/PolygonParticles/Prefabs/FX_GlowSpot_02.prefab
  artifactKey: Guid(27a7f93524a582440b2e162bf001be78) Importer(815301076,1909f56bfc062723c751e8b465ee728b)
Start importing Assets/PolygonParticles/Prefabs/FX_GlowSpot_02.prefab using Guid(27a7f93524a582440b2e162bf001be78) Importer(815301076,1909f56bfc062723c751e8b465ee728b)  -> (artifact id: 'd38eff156c0aa81fb4525942393f6e25') in 0.023699 seconds 
========================================================================
Received Import Request.
  Time since last request: 0.000024 seconds.
  path: Assets/PolygonParticles/Prefabs/FX_GlowSpot_03.prefab
  artifactKey: Guid(3d103d65aaa62f34e8e9ad872c5735fb) Importer(815301076,1909f56bfc062723c751e8b465ee728b)
Start importing Assets/PolygonParticles/Prefabs/FX_GlowSpot_03.prefab using Guid(3d103d65aaa62f34e8e9ad872c5735fb) Importer(815301076,1909f56bfc062723c751e8b465ee728b)  -> (artifact id: 'b2bfbfc7ed1e0458d1042771ef80b333') in 0.012221 seconds 
========================================================================
Received Import Request.
  Time since last request: 0.000017 seconds.
  path: Assets/PolygonParticles/Prefabs/FX_Grenade_Flash_Toss_01.prefab
  artifactKey: Guid(4a3beee2089f99e428874a74d68d4106) Importer(815301076,1909f56bfc062723c751e8b465ee728b)
Start importing Assets/PolygonParticles/Prefabs/FX_Grenade_Flash_Toss_01.prefab using Guid(4a3beee2089f99e428874a74d68d4106) Importer(815301076,1909f56bfc062723c751e8b465ee728b)  -> (artifact id: 'c76970248a98a642238bb0686596ddfd') in 0.025533 seconds 
========================================================================
Received Import Request.
  Time since last request: 0.000018 seconds.
  path: Assets/PolygonParticles/Prefabs/FX_Gunshot_01.prefab
  artifactKey: Guid(b46264f9e12caed4cb53e7c2ad64aa54) Importer(815301076,1909f56bfc062723c751e8b465ee728b)
Start importing Assets/PolygonParticles/Prefabs/FX_Gunshot_01.prefab using Guid(b46264f9e12caed4cb53e7c2ad64aa54) Importer(815301076,1909f56bfc062723c751e8b465ee728b)  -> (artifact id: 'f2c508818134d063acee6d91318184db') in 0.017197 seconds 
========================================================================
Received Import Request.
  Time since last request: 0.000029 seconds.
  path: Assets/PolygonParticles/Prefabs/FX_Gunshot_BarrelSmoke_01.prefab
  artifactKey: Guid(ba03473dcbf31a44cb8a407076228f8e) Importer(815301076,1909f56bfc062723c751e8b465ee728b)
Start importing Assets/PolygonParticles/Prefabs/FX_Gunshot_BarrelSmoke_01.prefab using Guid(ba03473dcbf31a44cb8a407076228f8e) Importer(815301076,1909f56bfc062723c751e8b465ee728b)  -> (artifact id: 'bcc7bfc8463a378940a130b7fe9dd690') in 0.013805 seconds 
========================================================================
Received Import Request.
  Time since last request: 0.000015 seconds.
  path: Assets/PolygonParticles/Prefabs/FX_Gunshot_Heavy_Repeating_Tracers_Impact_01.prefab
  artifactKey: Guid(c0507a544f1ee7e4caa7785ef90ff92a) Importer(815301076,1909f56bfc062723c751e8b465ee728b)
Start importing Assets/PolygonParticles/Prefabs/FX_Gunshot_Heavy_Repeating_Tracers_Impact_01.prefab using Guid(c0507a544f1ee7e4caa7785ef90ff92a) Importer(815301076,1909f56bfc062723c751e8b465ee728b)  -> (artifact id: '8e659f2ce825c4f31f076e685d037e9d') in 0.031330 seconds 
========================================================================
Received Import Request.
  Time since last request: 0.000021 seconds.
  path: Assets/PolygonParticles/Prefabs/FX_Heal_01.prefab
  artifactKey: Guid(c7f93a0255162fd47bbe40874f339bf4) Importer(815301076,1909f56bfc062723c751e8b465ee728b)
Start importing Assets/PolygonParticles/Prefabs/FX_Heal_01.prefab using Guid(c7f93a0255162fd47bbe40874f339bf4) Importer(815301076,1909f56bfc062723c751e8b465ee728b)  -> (artifact id: '1994b8b0eb3092b97b67c9f53d3e34ba') in 0.019444 seconds 
========================================================================
Received Import Request.
  Time since last request: 0.000016 seconds.
  path: Assets/PolygonParticles/Prefabs/FX_Hexagon_02.prefab
  artifactKey: Guid(f36719335e2592340b7bbb6a8ea33882) Importer(815301076,1909f56bfc062723c751e8b465ee728b)
Start importing Assets/PolygonParticles/Prefabs/FX_Hexagon_02.prefab using Guid(f36719335e2592340b7bbb6a8ea33882) Importer(815301076,1909f56bfc062723c751e8b465ee728b)  -> (artifact id: '44d4c91d1a096d1ad97c0b6ec8e62037') in 0.022781 seconds 
========================================================================
Received Import Request.
  Time since last request: 0.000015 seconds.
  path: Assets/PolygonParticles/Prefabs/FX_Healing_Cirle_02.prefab
  artifactKey: Guid(b6ac78dbb6751514392e2f44f82cc21f) Importer(815301076,1909f56bfc062723c751e8b465ee728b)
Start importing Assets/PolygonParticles/Prefabs/FX_Healing_Cirle_02.prefab using Guid(b6ac78dbb6751514392e2f44f82cc21f) Importer(815301076,1909f56bfc062723c751e8b465ee728b)  -> (artifact id: 'd7b84b591fa084b169274192ad7ac7db') in 0.023229 seconds 
========================================================================
Received Import Request.
  Time since last request: 0.000019 seconds.
  path: Assets/PolygonParticles/Prefabs/FX_Impact_Small_01.prefab
  artifactKey: Guid(289ba3245c9c98c42aeb93d5f45a2248) Importer(815301076,1909f56bfc062723c751e8b465ee728b)
Start importing Assets/PolygonParticles/Prefabs/FX_Impact_Small_01.prefab using Guid(289ba3245c9c98c42aeb93d5f45a2248) Importer(815301076,1909f56bfc062723c751e8b465ee728b)  -> (artifact id: '40eb126021be135257f6a18762472eb6') in 0.013507 seconds 
========================================================================
Received Import Request.
  Time since last request: 0.000015 seconds.
  path: Assets/PolygonParticles/Prefabs/FX_Impact_Stone_01.prefab
  artifactKey: Guid(9fe1ddc0da27cb44ebeeb8c2befa68bd) Importer(815301076,1909f56bfc062723c751e8b465ee728b)
Start importing Assets/PolygonParticles/Prefabs/FX_Impact_Stone_01.prefab using Guid(9fe1ddc0da27cb44ebeeb8c2befa68bd) Importer(815301076,1909f56bfc062723c751e8b465ee728b)  -> (artifact id: 'ffecab2473f6b069a6ea2e134d1ea9c2') in 0.012877 seconds 
========================================================================
Received Import Request.
  Time since last request: 0.000016 seconds.
  path: Assets/PolygonParticles/Prefabs/FX_Leaves_Blossom_01.prefab
  artifactKey: Guid(3c27b2af80d80f647974f9ad36050370) Importer(815301076,1909f56bfc062723c751e8b465ee728b)
Start importing Assets/PolygonParticles/Prefabs/FX_Leaves_Blossom_01.prefab using Guid(3c27b2af80d80f647974f9ad36050370) Importer(815301076,1909f56bfc062723c751e8b465ee728b)  -> (artifact id: '902f3e96b9bfceb089ba67bda40eec9e') in 0.032488 seconds 
========================================================================
Received Import Request.
  Time since last request: 0.000018 seconds.
  path: Assets/PolygonParticles/Prefabs/FX_GroundCrack_Blast_01.prefab
  artifactKey: Guid(e7473d9620ab29341b98bf21b400e598) Importer(815301076,1909f56bfc062723c751e8b465ee728b)
Start importing Assets/PolygonParticles/Prefabs/FX_GroundCrack_Blast_01.prefab using Guid(e7473d9620ab29341b98bf21b400e598) Importer(815301076,1909f56bfc062723c751e8b465ee728b)  -> (artifact id: 'd2d48b0430bb4a299ad572ad58ef1a39') in 0.023028 seconds 
========================================================================
Received Import Request.
  Time since last request: 5.705629 seconds.
  path: Assets/PolygonParticles/Prefabs/FX_Smoke_Black_Small_01.prefab
  artifactKey: Guid(8e3bd0dfb73ba1148a16e9557ac87372) Importer(815301076,1909f56bfc062723c751e8b465ee728b)
Start importing Assets/PolygonParticles/Prefabs/FX_Smoke_Black_Small_01.prefab using Guid(8e3bd0dfb73ba1148a16e9557ac87372) Importer(815301076,1909f56bfc062723c751e8b465ee728b)  -> (artifact id: '2846abfe53b6438fea832cd57d5cc836') in 0.014369 seconds 
========================================================================
Received Import Request.
  Time since last request: 0.025802 seconds.
  path: Assets/PolygonParticles/Prefabs/FX_Smoke_White_01.prefab
  artifactKey: Guid(2d375605610a4e84d8e1d80a70c9340a) Importer(815301076,1909f56bfc062723c751e8b465ee728b)
Start importing Assets/PolygonParticles/Prefabs/FX_Smoke_White_01.prefab using Guid(2d375605610a4e84d8e1d80a70c9340a) Importer(815301076,1909f56bfc062723c751e8b465ee728b)  -> (artifact id: '02f84dc592360aec60c4f2383cdab38c') in 0.015556 seconds 
========================================================================
Received Import Request.
  Time since last request: 0.005616 seconds.
  path: Assets/PolygonMilitary/Prefabs/Props/PipeLine/SM_Prop_Pipeline_SmokeStack_01.prefab
  artifactKey: Guid(c4a44f14f4c949749a12109858fd4cdf) Importer(815301076,1909f56bfc062723c751e8b465ee728b)
Start importing Assets/PolygonMilitary/Prefabs/Props/PipeLine/SM_Prop_Pipeline_SmokeStack_01.prefab using Guid(c4a44f14f4c949749a12109858fd4cdf) Importer(815301076,1909f56bfc062723c751e8b465ee728b)  -> (artifact id: 'ac8322b9e3a9872fbde958bd1fcddb85') in 0.096422 seconds 
========================================================================
Received Import Request.
  Time since last request: 0.000023 seconds.
  path: Assets/PolygonMilitary/Models/CollisionConvex/SM_Prop_Pipeline_SmokeStack_04_Convex.asset
  artifactKey: Guid(1993f4950d04c8a41a68e77e7cd42117) Importer(815301076,1909f56bfc062723c751e8b465ee728b)
Start importing Assets/PolygonMilitary/Models/CollisionConvex/SM_Prop_Pipeline_SmokeStack_04_Convex.asset using Guid(1993f4950d04c8a41a68e77e7cd42117) Importer(815301076,1909f56bfc062723c751e8b465ee728b)  -> (artifact id: '1bcba4343c1de54fa44089243cbb4f7f') in 0.033765 seconds 
========================================================================
Received Import Request.
  Time since last request: 0.000015 seconds.
  path: Assets/PolygonMilitary/Models/CollisionConvex/SM_Prop_Pipeline_SmokeStack_03_Convex 1.asset
  artifactKey: Guid(1632cc6ac297efd499e3fa6919566452) Importer(815301076,1909f56bfc062723c751e8b465ee728b)
Start importing Assets/PolygonMilitary/Models/CollisionConvex/SM_Prop_Pipeline_SmokeStack_03_Convex 1.asset using Guid(1632cc6ac297efd499e3fa6919566452) Importer(815301076,1909f56bfc062723c751e8b465ee728b)  -> (artifact id: 'ecc809b6f077399a2e2ed5e1d3cdd92e') in 0.026863 seconds 
========================================================================
Received Import Request.
  Time since last request: 0.000015 seconds.
  path: Assets/PolygonMilitary/Prefabs/Props/PipeLine/SM_Prop_Pipeline_SmokeStack_Pipe_01.prefab
  artifactKey: Guid(6b74da1cf295d7f43a6f9249d91d7fbf) Importer(815301076,1909f56bfc062723c751e8b465ee728b)
Start importing Assets/PolygonMilitary/Prefabs/Props/PipeLine/SM_Prop_Pipeline_SmokeStack_Pipe_01.prefab using Guid(6b74da1cf295d7f43a6f9249d91d7fbf) Importer(815301076,1909f56bfc062723c751e8b465ee728b)  -> (artifact id: '3769abedb60b5110f0294d1a00863fab') in 0.068206 seconds 
========================================================================
Received Import Request.
  Time since last request: 0.000029 seconds.
  path: Assets/PolygonMilitary/Models/CollisionConvex/SM_Prop_Pipeline_SmokeStack_02_Convex 1.asset
  artifactKey: Guid(55424eacb9bcd3941bc5c3d543f19b5e) Importer(815301076,1909f56bfc062723c751e8b465ee728b)
Start importing Assets/PolygonMilitary/Models/CollisionConvex/SM_Prop_Pipeline_SmokeStack_02_Convex 1.asset using Guid(55424eacb9bcd3941bc5c3d543f19b5e) Importer(815301076,1909f56bfc062723c751e8b465ee728b)  -> (artifact id: '2169c81a28015a9775509f0143529d21') in 0.027760 seconds 
========================================================================
Received Import Request.
  Time since last request: 0.000014 seconds.
  path: Assets/PolygonMilitary/Models/CollisionConvex/SM_Prop_Pipeline_SmokeStack_01_Convex 1.asset
  artifactKey: Guid(74151133f2b7bc14dbe93c0e996ca93c) Importer(815301076,1909f56bfc062723c751e8b465ee728b)
Start importing Assets/PolygonMilitary/Models/CollisionConvex/SM_Prop_Pipeline_SmokeStack_01_Convex 1.asset using Guid(74151133f2b7bc14dbe93c0e996ca93c) Importer(815301076,1909f56bfc062723c751e8b465ee728b)  -> (artifact id: '24ba0f6516a06a27a4897ed151ec78a3') in 0.015635 seconds 
========================================================================
Received Import Request.
  Time since last request: 0.000017 seconds.
  path: Assets/PolygonMilitary/Prefabs/Props/PipeLine/SM_Prop_Pipeline_SmokeStack_Background_01.prefab
  artifactKey: Guid(a55b6f59070a9364b84322c251aa4044) Importer(815301076,1909f56bfc062723c751e8b465ee728b)
Start importing Assets/PolygonMilitary/Prefabs/Props/PipeLine/SM_Prop_Pipeline_SmokeStack_Background_01.prefab using Guid(a55b6f59070a9364b84322c251aa4044) Importer(815301076,1909f56bfc062723c751e8b465ee728b)  -> (artifact id: 'a3df25756afc9081a10cd23ec4dc091f') in 0.040508 seconds 
========================================================================
Received Import Request.
  Time since last request: 56.424005 seconds.
  path: Assets/PolygonMilitary/Models/CollisionConvex/SM_Prop_Pipeline_SmokeStack_Platform_01_Convex.asset
  artifactKey: Guid(2c4de61e31ee51a45ac2f22446a1b2f4) Importer(815301076,1909f56bfc062723c751e8b465ee728b)
Start importing Assets/PolygonMilitary/Models/CollisionConvex/SM_Prop_Pipeline_SmokeStack_Platform_01_Convex.asset using Guid(2c4de61e31ee51a45ac2f22446a1b2f4) Importer(815301076,1909f56bfc062723c751e8b465ee728b)  -> (artifact id: '88679b516a32012979a50df30586a520') in 0.011544 seconds 
========================================================================
Received Import Request.
  Time since last request: 0.000019 seconds.
  path: Assets/PolygonMilitary/Models/CollisionConvex/SM_Prop_Pipeline_SmokeStack_Platform_02_Convex.asset
  artifactKey: Guid(d1018bdb5e6212740b64e942a80bd08e) Importer(815301076,1909f56bfc062723c751e8b465ee728b)
Start importing Assets/PolygonMilitary/Models/CollisionConvex/SM_Prop_Pipeline_SmokeStack_Platform_02_Convex.asset using Guid(d1018bdb5e6212740b64e942a80bd08e) Importer(815301076,1909f56bfc062723c751e8b465ee728b)  -> (artifact id: 'adb4c1b825ed099bd1310e9e2945dc9c') in 0.013890 seconds 
========================================================================
Received Import Request.
  Time since last request: 0.000020 seconds.
  path: Assets/PolygonMilitary/Prefabs/Props/SM_Prop_SmokePipe_01.prefab
  artifactKey: Guid(5b5fc2d01c81fce4f9fae3fb45901695) Importer(815301076,1909f56bfc062723c751e8b465ee728b)
Start importing Assets/PolygonMilitary/Prefabs/Props/SM_Prop_SmokePipe_01.prefab using Guid(5b5fc2d01c81fce4f9fae3fb45901695) Importer(815301076,1909f56bfc062723c751e8b465ee728b)  -> (artifact id: 'd1566e326f797f5df24cf0d091b844e6') in 0.059782 seconds 
========================================================================
Received Prepare
Registering precompiled user dll's ...
Registered in 0.004715 seconds.
Begin MonoManager ReloadAssembly
Native extension for UWP target not found
Native extension for WindowsStandalone target not found
Refreshing native plugins compatible for Editor in 1.27 ms, found 2 plugins.
Preloading 0 native plugins for Editor in 0.00 ms.
Error loading file Library/StateCache/LayerSettings/9e/9ecc5c3c162a7aba29bafa64c8b94b7c.json. Error: System.IO.IOException: Sharing violation on path C:\Users\pauga\Documents\GitHub\cod\Library\StateCache\LayerSettings\9e\9ecc5c3c162a7aba29bafa64c8b94b7c.json
  at System.IO.FileStream..ctor (System.String path, System.IO.FileMode mode, System.IO.FileAccess access, System.IO.FileShare share, System.Int32 bufferSize, System.Boolean anonymous, System.IO.FileOptions options) [0x0019e] in <9aad1b3a47484d63ba2b3985692d80e9>:0 
  at System.IO.FileStream..ctor (System.String path, System.IO.FileMode mode, System.IO.FileAccess access, System.IO.FileShare share, System.Int32 bufferSize, System.IO.FileOptions options) [0x00000] in <9aad1b3a47484d63ba2b3985692d80e9>:0 
  at (wrapper remoting-invoke-with-check) System.IO.FileStream..ctor(string,System.IO.FileMode,System.IO.FileAccess,System.IO.FileShare,int,System.IO.FileOptions)
  at System.IO.StreamReader..ctor (System.String path, System.Text.Encoding encoding, System.Boolean detectEncodingFromByteOrderMarks, System.Int32 bufferSize) [0x00055] in <9aad1b3a47484d63ba2b3985692d80e9>:0 
  at System.IO.StreamReader..ctor (System.String path, System.Text.Encoding encoding, System.Boolean detectEncodingFromByteOrderMarks) [0x00000] in <9aad1b3a47484d63ba2b3985692d80e9>:0 
  at (wrapper remoting-invoke-with-check) System.IO.StreamReader..ctor(string,System.Text.Encoding,bool)
  at System.IO.File.InternalReadAllText (System.String path, System.Text.Encoding encoding) [0x00000] in <9aad1b3a47484d63ba2b3985692d80e9>:0 
  at System.IO.File.ReadAllText (System.String path, System.Text.Encoding encoding) [0x00034] in <9aad1b3a47484d63ba2b3985692d80e9>:0 
  at UnityEditor.StateCache`1[T].GetState (UnityEngine.Hash128 key, T defaultValue) [0x00041] in <4e64905d831f4883a53259ef37fb023b>:0 
UnityEngine.StackTraceUtility:ExtractStackTrace ()
UnityEngine.DebugLogHandler:LogFormat (UnityEngine.LogType,UnityEngine.Object,string,object[])
UnityEngine.Logger:Log (UnityEngine.LogType,object)
UnityEngine.Debug:LogError (object)
UnityEditor.StateCache`1<UnityEditor.Tools/LayerSettings>:GetState (UnityEngine.Hash128,UnityEditor.Tools/LayerSettings)
UnityEditor.Tools:OnEnable ()
UnityEngine.ScriptableObject:CreateInstance (System.Type)
UnityEngine.ScriptableObject:CreateInstance<UnityEditor.Tools> ()
UnityEditor.Tools:get_get ()
UnityEditor.Tools:get_visibleLayers ()
UnityEditor.Animations.Rigging.BoneRendererUtils:.cctor () (at Library/PackageCache/com.unity.animation.rigging@1.1.1/Editor/Utils/BoneRendererUtils.cs:121)
System.Runtime.CompilerServices.RuntimeHelpers:RunClassConstructor (System.RuntimeTypeHandle)
UnityEditor.EditorAssemblies:ProcessInitializeOnLoadAttributes (System.Type[])

(Filename: Library/PackageCache/com.unity.animation.rigging@1.1.1/Editor/Utils/BoneRendererUtils.cs Line: 121)

Mono: successfully reloaded assembly
- Completed reload, in  1.204 seconds
Domain Reload Profiling:
	ReloadAssembly (1205ms)
		BeginReloadAssembly (118ms)
			ExecutionOrderSort (0ms)
			DisableScriptedObjects (8ms)
			BackupInstance (0ms)
			ReleaseScriptingObjects (0ms)
			CreateAndSetChildDomain (35ms)
		EndReloadAssembly (993ms)
			LoadAssemblies (70ms)
			RebuildTransferFunctionScriptingTraits (0ms)
			SetupTypeCache (233ms)
			ReleaseScriptCaches (2ms)
			RebuildScriptCaches (66ms)
			SetupLoadedEditorAssemblies (559ms)
				LogAssemblyErrors (0ms)
				InitializePlatformSupportModulesInManaged (13ms)
				SetLoadedEditorAssemblies (0ms)
				RefreshPlugins (1ms)
				BeforeProcessingInitializeOnLoad (87ms)
				ProcessInitializeOnLoadAttributes (296ms)
				ProcessInitializeOnLoadMethodAttributes (155ms)
				AfterProcessingInitializeOnLoad (5ms)
				EditorAssembliesLoaded (0ms)
			ExecutionOrderSort2 (0ms)
			AwakeInstancesAfterBackupRestoration (12ms)
Platform modules already initialized, skipping
Shader 'BOXOPHOBIC/Polyverse Skies/Standard': fallback shader 'False' not found
Shader 'BOXOPHOBIC/Polyverse Skies/Simple': fallback shader 'False' not found
Refreshing native plugins compatible for Editor in 6.10 ms, found 2 plugins.
Preloading 0 native plugins for Editor in 0.00 ms.
Unloading 3180 Unused Serialized files (Serialized files now loaded: 0)
Unloading 62 unused Assets / (97.3 KB). Loaded Objects now: 3697.
Memory consumption went from 156.6 MB to 156.5 MB.
Total: 6.430200 ms (FindLiveObjects: 0.204000 ms CreateObjectMapping: 0.227600 ms MarkObjects: 5.886900 ms  DeleteObjects: 0.110300 ms)

AssetImportParameters requested are different than current active one (requested -> active):
  custom:video-decoder-ogg-theora: a1e56fd34408186e4bbccfd4996cb3dc -> 
  custom:container-muxer-webm: aa71ff27fc2769a1b78a27578f13a17b -> 
  custom:container-demuxer-webm: 4f35f7cbe854078d1ac9338744f61a02 -> 
  custom:video-encoder-webm-vp8: eb34c28f22e8b96e1ab97ce403110664 -> 
  custom:audio-encoder-webm-vorbis: bf7c407c2cedff20999df2af8eb42d56 -> 
  custom:framework-win-MediaFoundation: 216162199b28c13a410421893ffa2e32 -> 
  custom:container-demuxer-ogg: 62fdf1f143b41e24485cea50d1cbac27 -> 
  custom:video-decoder-webm-vp8: 9c59270c3fd7afecdb556c50c9e8de78 -> 
  custom:audio-decoder-ogg-vorbis: bf7c407c2cedff20999df2af8eb42d56 -> 
========================================================================
Received Prepare
Registering precompiled user dll's ...
Registered in 0.006487 seconds.
Begin MonoManager ReloadAssembly
Native extension for UWP target not found
Native extension for WindowsStandalone target not found
Refreshing native plugins compatible for Editor in 1.75 ms, found 2 plugins.
Preloading 0 native plugins for Editor in 0.00 ms.
Error saving file Library/StateCache/LayerSettings/9e/9ecc5c3c162a7aba29bafa64c8b94b7c.json. Error: System.IO.IOException: Sharing violation on path C:\Users\pauga\Documents\GitHub\cod\Library\StateCache\LayerSettings\9e\9ecc5c3c162a7aba29bafa64c8b94b7c.json
  at System.IO.FileStream..ctor (System.String path, System.IO.FileMode mode, System.IO.FileAccess access, System.IO.FileShare share, System.Int32 bufferSize, System.Boolean anonymous, System.IO.FileOptions options) [0x0019e] in <9aad1b3a47484d63ba2b3985692d80e9>:0 
  at System.IO.FileStream..ctor (System.String path, System.IO.FileMode mode, System.IO.FileAccess access, System.IO.FileShare share, System.Int32 bufferSize, System.IO.FileOptions options) [0x00000] in <9aad1b3a47484d63ba2b3985692d80e9>:0 
  at (wrapper remoting-invoke-with-check) System.IO.FileStream..ctor(string,System.IO.FileMode,System.IO.FileAccess,System.IO.FileShare,int,System.IO.FileOptions)
  at System.IO.StreamWriter..ctor (System.String path, System.Boolean append, System.Text.Encoding encoding, System.Int32 bufferSize) [0x00055] in <9aad1b3a47484d63ba2b3985692d80e9>:0 
  at System.IO.StreamWriter..ctor (System.String path, System.Boolean append, System.Text.Encoding encoding) [0x00000] in <9aad1b3a47484d63ba2b3985692d80e9>:0 
  at (wrapper remoting-invoke-with-check) System.IO.StreamWriter..ctor(string,bool,System.Text.Encoding)
  at System.IO.File.WriteAllText (System.String path, System.String contents, System.Text.Encoding encoding) [0x00034] in <9aad1b3a47484d63ba2b3985692d80e9>:0 
  at UnityEditor.StateCache`1[T].SetState (UnityEngine.Hash128 key, T obj) [0x0004b] in <4e64905d831f4883a53259ef37fb023b>:0 
UnityEngine.StackTraceUtility:ExtractStackTrace ()
UnityEngine.DebugLogHandler:LogFormat (UnityEngine.LogType,UnityEngine.Object,string,object[])
UnityEngine.Logger:Log (UnityEngine.LogType,object)
UnityEngine.Debug:LogError (object)
UnityEditor.StateCache`1<UnityEditor.Tools/LayerSettings>:SetState (UnityEngine.Hash128,UnityEditor.Tools/LayerSettings)
UnityEditor.Tools:set_lockedLayers (int)
UnityEditor.Tools:OnEnable ()
UnityEngine.ScriptableObject:CreateInstance (System.Type)
UnityEngine.ScriptableObject:CreateInstance<UnityEditor.Tools> ()
UnityEditor.Tools:get_get ()
UnityEditor.Tools:get_visibleLayers ()
UnityEditor.Animations.Rigging.BoneRendererUtils:.cctor () (at Library/PackageCache/com.unity.animation.rigging@1.1.1/Editor/Utils/BoneRendererUtils.cs:121)
System.Runtime.CompilerServices.RuntimeHelpers:RunClassConstructor (System.RuntimeTypeHandle)
UnityEditor.EditorAssemblies:ProcessInitializeOnLoadAttributes (System.Type[])

(Filename: Library/PackageCache/com.unity.animation.rigging@1.1.1/Editor/Utils/BoneRendererUtils.cs Line: 121)

Mono: successfully reloaded assembly
- Completed reload, in  1.167 seconds
Domain Reload Profiling:
	ReloadAssembly (1168ms)
		BeginReloadAssembly (108ms)
			ExecutionOrderSort (0ms)
			DisableScriptedObjects (5ms)
			BackupInstance (0ms)
			ReleaseScriptingObjects (0ms)
			CreateAndSetChildDomain (29ms)
		EndReloadAssembly (969ms)
			LoadAssemblies (76ms)
			RebuildTransferFunctionScriptingTraits (0ms)
			SetupTypeCache (237ms)
			ReleaseScriptCaches (2ms)
			RebuildScriptCaches (66ms)
			SetupLoadedEditorAssemblies (520ms)
				LogAssemblyErrors (0ms)
				InitializePlatformSupportModulesInManaged (14ms)
				SetLoadedEditorAssemblies (1ms)
				RefreshPlugins (2ms)
				BeforeProcessingInitializeOnLoad (83ms)
				ProcessInitializeOnLoadAttributes (272ms)
				ProcessInitializeOnLoadMethodAttributes (145ms)
				AfterProcessingInitializeOnLoad (4ms)
				EditorAssembliesLoaded (0ms)
			ExecutionOrderSort2 (0ms)
			AwakeInstancesAfterBackupRestoration (15ms)
Platform modules already initialized, skipping
Shader 'BOXOPHOBIC/Polyverse Skies/Standard': fallback shader 'False' not found
Shader 'BOXOPHOBIC/Polyverse Skies/Simple': fallback shader 'False' not found
Refreshing native plugins compatible for Editor in 4.41 ms, found 2 plugins.
Preloading 0 native plugins for Editor in 0.00 ms.
Unloading 3180 Unused Serialized files (Serialized files now loaded: 0)
Unloading 60 unused Assets / (96.4 KB). Loaded Objects now: 3701.
Memory consumption went from 156.5 MB to 156.4 MB.
Total: 5.720200 ms (FindLiveObjects: 0.228500 ms CreateObjectMapping: 0.225500 ms MarkObjects: 5.217800 ms  DeleteObjects: 0.047500 ms)

AssetImportParameters requested are different than current active one (requested -> active):
  custom:video-decoder-ogg-theora: a1e56fd34408186e4bbccfd4996cb3dc -> 
  custom:container-muxer-webm: aa71ff27fc2769a1b78a27578f13a17b -> 
  custom:container-demuxer-webm: 4f35f7cbe854078d1ac9338744f61a02 -> 
  custom:video-encoder-webm-vp8: eb34c28f22e8b96e1ab97ce403110664 -> 
  custom:audio-encoder-webm-vorbis: bf7c407c2cedff20999df2af8eb42d56 -> 
  custom:framework-win-MediaFoundation: 216162199b28c13a410421893ffa2e32 -> 
  custom:container-demuxer-ogg: 62fdf1f143b41e24485cea50d1cbac27 -> 
  custom:video-decoder-webm-vp8: 9c59270c3fd7afecdb556c50c9e8de78 -> 
  custom:audio-decoder-ogg-vorbis: bf7c407c2cedff20999df2af8eb42d56 -> 
