Using pre-set license
Built from '2021.3/release' branch; Version is '2021.3.12f1 (8af3c3e441b1) revision 9106371'; Using compiler version '192829333'; Build Type 'Release'
OS: 'Windows 11  (10.0.22000) 64bit Core' Language: 'ca' Physical Memory: 32647 MB
BatchMode: 1, IsHumanControllingUs: 0, StartBugReporterOnCrash: 0, Is64bit: 1, IsPro: 1

COMMAND LINE ARGUMENTS:
C:\Program Files\Unity\Hub\Editor\2021.3.12f1\Editor\Unity.exe
-adb2
-batchMode
-noUpm
-name
AssetImportWorker0
-projectPath
C:/Users/eloia/Documents/cod
-logFile
Logs/AssetImportWorker0.log
-srvPort
59513
Successfully changed project path to: C:/Users/eloia/Documents/cod
C:/Users/eloia/Documents/cod
[UnityMemory] Configuration Parameters - Can be set up in boot.config
    "memorysetup-bucket-allocator-granularity=16"
    "memorysetup-bucket-allocator-bucket-count=8"
    "memorysetup-bucket-allocator-block-size=33554432"
    "memorysetup-bucket-allocator-block-count=8"
    "memorysetup-main-allocator-block-size=16777216"
    "memorysetup-thread-allocator-block-size=16777216"
    "memorysetup-gfx-main-allocator-block-size=16777216"
    "memorysetup-gfx-thread-allocator-block-size=16777216"
    "memorysetup-cache-allocator-block-size=4194304"
    "memorysetup-typetree-allocator-block-size=2097152"
    "memorysetup-profiler-bucket-allocator-granularity=16"
    "memorysetup-profiler-bucket-allocator-bucket-count=8"
    "memorysetup-profiler-bucket-allocator-block-size=33554432"
    "memorysetup-profiler-bucket-allocator-block-count=8"
    "memorysetup-profiler-allocator-block-size=16777216"
    "memorysetup-profiler-editor-allocator-block-size=1048576"
    "memorysetup-temp-allocator-size-main=16777216"
    "memorysetup-job-temp-allocator-block-size=2097152"
    "memorysetup-job-temp-allocator-block-size-background=1048576"
    "memorysetup-job-temp-allocator-reduction-small-platforms=262144"
    "memorysetup-temp-allocator-size-background-worker=32768"
    "memorysetup-temp-allocator-size-job-worker=262144"
    "memorysetup-temp-allocator-size-preload-manager=33554432"
    "memorysetup-temp-allocator-size-nav-mesh-worker=65536"
    "memorysetup-temp-allocator-size-audio-worker=65536"
    "memorysetup-temp-allocator-size-cloud-worker=32768"
    "memorysetup-temp-allocator-size-gi-baking-worker=262144"
    "memorysetup-temp-allocator-size-gfx=262144"
Refreshing native plugins compatible for Editor in 88.08 ms, found 2 plugins.
Preloading 0 native plugins for Editor in 0.00 ms.
Initialize engine version: 2021.3.12f1 (8af3c3e441b1)
[Subsystems] Discovering subsystems at path C:/Program Files/Unity/Hub/Editor/2021.3.12f1/Editor/Data/Resources/UnitySubsystems
[Subsystems] Discovering subsystems at path C:/Users/eloia/Documents/cod/Assets
GfxDevice: creating device client; threaded=0; jobified=0
Direct3D:
    Version:  Direct3D 11.0 [level 11.1]
    Renderer: NVIDIA GeForce GTX 1070 (ID=0x1be1)
    Vendor:   NVIDIA
    VRAM:     8082 MB
    Driver:   30.0.15.1278
Initialize mono
Mono path[0] = 'C:/Program Files/Unity/Hub/Editor/2021.3.12f1/Editor/Data/Managed'
Mono path[1] = 'C:/Program Files/Unity/Hub/Editor/2021.3.12f1/Editor/Data/MonoBleedingEdge/lib/mono/unityjit-win32'
Mono config path = 'C:/Program Files/Unity/Hub/Editor/2021.3.12f1/Editor/Data/MonoBleedingEdge/etc'
Using monoOptions --debugger-agent=transport=dt_socket,embedding=1,server=y,suspend=n,address=127.0.0.1:56796
Begin MonoManager ReloadAssembly
Registering precompiled unity dll's ...
Register platform support module: C:/Program Files/Unity/Hub/Editor/2021.3.12f1/Editor/Data/PlaybackEngines/WindowsStandaloneSupport/UnityEditor.WindowsStandalone.Extensions.dll
Registered in 0.004982 seconds.
Native extension for WindowsStandalone target not found
Refreshing native plugins compatible for Editor in 86.71 ms, found 2 plugins.
Preloading 0 native plugins for Editor in 0.00 ms.
Mono: successfully reloaded assembly
- Completed reload, in  0.713 seconds
Domain Reload Profiling:
	ReloadAssembly (713ms)
		BeginReloadAssembly (75ms)
			ExecutionOrderSort (0ms)
			DisableScriptedObjects (0ms)
			BackupInstance (0ms)
			ReleaseScriptingObjects (0ms)
			CreateAndSetChildDomain (1ms)
		EndReloadAssembly (520ms)
			LoadAssemblies (73ms)
			RebuildTransferFunctionScriptingTraits (0ms)
			SetupTypeCache (116ms)
			ReleaseScriptCaches (0ms)
			RebuildScriptCaches (32ms)
			SetupLoadedEditorAssemblies (315ms)
				LogAssemblyErrors (0ms)
				InitializePlatformSupportModulesInManaged (8ms)
				SetLoadedEditorAssemblies (0ms)
				RefreshPlugins (87ms)
				BeforeProcessingInitializeOnLoad (1ms)
				ProcessInitializeOnLoadAttributes (164ms)
				ProcessInitializeOnLoadMethodAttributes (55ms)
				AfterProcessingInitializeOnLoad (0ms)
				EditorAssembliesLoaded (0ms)
			ExecutionOrderSort2 (0ms)
			AwakeInstancesAfterBackupRestoration (0ms)
Platform modules already initialized, skipping
Registering precompiled user dll's ...
Registered in 0.006287 seconds.
Begin MonoManager ReloadAssembly
Native extension for WindowsStandalone target not found
Refreshing native plugins compatible for Editor in 1.11 ms, found 2 plugins.
Preloading 0 native plugins for Editor in 0.00 ms.
Package Manager log level set to [2]
Mono: successfully reloaded assembly
- Completed reload, in  1.180 seconds
Domain Reload Profiling:
	ReloadAssembly (1181ms)
		BeginReloadAssembly (118ms)
			ExecutionOrderSort (0ms)
			DisableScriptedObjects (7ms)
			BackupInstance (0ms)
			ReleaseScriptingObjects (0ms)
			CreateAndSetChildDomain (20ms)
		EndReloadAssembly (945ms)
			LoadAssemblies (85ms)
			RebuildTransferFunctionScriptingTraits (0ms)
			SetupTypeCache (217ms)
			ReleaseScriptCaches (1ms)
			RebuildScriptCaches (55ms)
			SetupLoadedEditorAssemblies (537ms)
				LogAssemblyErrors (0ms)
				InitializePlatformSupportModulesInManaged (14ms)
				SetLoadedEditorAssemblies (1ms)
				RefreshPlugins (1ms)
				BeforeProcessingInitializeOnLoad (86ms)
				ProcessInitializeOnLoadAttributes (263ms)
				ProcessInitializeOnLoadMethodAttributes (165ms)
				AfterProcessingInitializeOnLoad (6ms)
				EditorAssembliesLoaded (0ms)
			ExecutionOrderSort2 (0ms)
			AwakeInstancesAfterBackupRestoration (7ms)
Platform modules already initialized, skipping
========================================================================
Worker process is ready to serve import requests
Launched and connected shader compiler UnityShaderCompiler.exe after 0.04 seconds
Refreshing native plugins compatible for Editor in 1.53 ms, found 2 plugins.
Preloading 0 native plugins for Editor in 0.00 ms.
Unloading 2550 Unused Serialized files (Serialized files now loaded: 0)
Unloading 66 unused Assets / (58.4 KB). Loaded Objects now: 2982.
Memory consumption went from 103.5 MB to 103.5 MB.
Total: 11.008100 ms (FindLiveObjects: 0.260700 ms CreateObjectMapping: 0.196000 ms MarkObjects: 10.269600 ms  DeleteObjects: 0.280500 ms)

AssetImportParameters requested are different than current active one (requested -> active):
  custom:video-decoder-ogg-theora: a1e56fd34408186e4bbccfd4996cb3dc -> 
  custom:container-muxer-webm: aa71ff27fc2769a1b78a27578f13a17b -> 
  custom:container-demuxer-webm: 4f35f7cbe854078d1ac9338744f61a02 -> 
  custom:video-encoder-webm-vp8: eb34c28f22e8b96e1ab97ce403110664 -> 
  custom:video-codec-MediaFoundation-h265: 746d11721c4dcdbdad8f713fa42b33f4 -> 
  custom:audio-encoder-webm-vorbis: bf7c407c2cedff20999df2af8eb42d56 -> 
  custom:framework-win-MediaFoundation: 216162199b28c13a410421893ffa2e32 -> 
  custom:container-demuxer-ogg: 62fdf1f143b41e24485cea50d1cbac27 -> 
  custom:video-decoder-webm-vp8: 9c59270c3fd7afecdb556c50c9e8de78 -> 
  custom:audio-decoder-ogg-vorbis: bf7c407c2cedff20999df2af8eb42d56 -> 
========================================================================
Received Import Request.
  Time since last request: 223093.044126 seconds.
  path: Assets/Resources/PhotonPrefabs/CharacterController.prefab
  artifactKey: Guid(3620c8c176d590f4d9ca6a89574037f4) Importer(815301076,1909f56bfc062723c751e8b465ee728b)
Start importing Assets/Resources/PhotonPrefabs/CharacterController.prefab using Guid(3620c8c176d590f4d9ca6a89574037f4) Importer(815301076,1909f56bfc062723c751e8b465ee728b)  -> (artifact id: '377ee6b5f4e30f5696e1af375e4ae7be') in 0.263103 seconds 
========================================================================
Received Prepare
Registering precompiled user dll's ...
Registered in 0.005796 seconds.
Begin MonoManager ReloadAssembly
Native extension for WindowsStandalone target not found
Refreshing native plugins compatible for Editor in 1.69 ms, found 2 plugins.
Preloading 0 native plugins for Editor in 0.00 ms.
Mono: successfully reloaded assembly
- Completed reload, in  1.300 seconds
Domain Reload Profiling:
	ReloadAssembly (1301ms)
		BeginReloadAssembly (140ms)
			ExecutionOrderSort (0ms)
			DisableScriptedObjects (7ms)
			BackupInstance (0ms)
			ReleaseScriptingObjects (0ms)
			CreateAndSetChildDomain (36ms)
		EndReloadAssembly (1056ms)
			LoadAssemblies (88ms)
			RebuildTransferFunctionScriptingTraits (0ms)
			SetupTypeCache (227ms)
			ReleaseScriptCaches (1ms)
			RebuildScriptCaches (72ms)
			SetupLoadedEditorAssemblies (601ms)
				LogAssemblyErrors (0ms)
				InitializePlatformSupportModulesInManaged (19ms)
				SetLoadedEditorAssemblies (1ms)
				RefreshPlugins (2ms)
				BeforeProcessingInitializeOnLoad (91ms)
				ProcessInitializeOnLoadAttributes (283ms)
				ProcessInitializeOnLoadMethodAttributes (198ms)
				AfterProcessingInitializeOnLoad (7ms)
				EditorAssembliesLoaded (0ms)
			ExecutionOrderSort2 (0ms)
			AwakeInstancesAfterBackupRestoration (9ms)
Platform modules already initialized, skipping
Refreshing native plugins compatible for Editor in 8.22 ms, found 2 plugins.
Preloading 0 native plugins for Editor in 0.00 ms.
Unloading 2529 Unused Serialized files (Serialized files now loaded: 0)
Unloading 54 unused Assets / (25.7 KB). Loaded Objects now: 2994.
Memory consumption went from 118.4 MB to 118.3 MB.
Total: 6.618500 ms (FindLiveObjects: 0.210700 ms CreateObjectMapping: 0.108700 ms MarkObjects: 6.258000 ms  DeleteObjects: 0.039800 ms)

AssetImportParameters requested are different than current active one (requested -> active):
  custom:video-decoder-ogg-theora: a1e56fd34408186e4bbccfd4996cb3dc -> 
  custom:container-muxer-webm: aa71ff27fc2769a1b78a27578f13a17b -> 
  custom:container-demuxer-webm: 4f35f7cbe854078d1ac9338744f61a02 -> 
  custom:video-encoder-webm-vp8: eb34c28f22e8b96e1ab97ce403110664 -> 
  custom:video-codec-MediaFoundation-h265: 746d11721c4dcdbdad8f713fa42b33f4 -> 
  custom:audio-encoder-webm-vorbis: bf7c407c2cedff20999df2af8eb42d56 -> 
  custom:framework-win-MediaFoundation: 216162199b28c13a410421893ffa2e32 -> 
  custom:container-demuxer-ogg: 62fdf1f143b41e24485cea50d1cbac27 -> 
  custom:video-decoder-webm-vp8: 9c59270c3fd7afecdb556c50c9e8de78 -> 
  custom:audio-decoder-ogg-vorbis: bf7c407c2cedff20999df2af8eb42d56 -> 
========================================================================
Received Import Request.
  Time since last request: 409.455951 seconds.
  path: Assets/PolygonMilitary/Prefabs/Weapons/SM_Wep_Flashbang_01.prefab
  artifactKey: Guid(36724cfab0147c04cbacae761b6a3364) Importer(815301076,1909f56bfc062723c751e8b465ee728b)
Start importing Assets/PolygonMilitary/Prefabs/Weapons/SM_Wep_Flashbang_01.prefab using Guid(36724cfab0147c04cbacae761b6a3364) Importer(815301076,1909f56bfc062723c751e8b465ee728b)  -> (artifact id: '4573f41390072402ef3bedfc0a5a7dfe') in 0.172414 seconds 
========================================================================
Received Import Request.
  Time since last request: 0.000024 seconds.
  path: Assets/PolygonMilitary/Prefabs/Weapons/SM_Wep_Pistol_Small_01.prefab
  artifactKey: Guid(6a6b35cc4500f264d86e660d0f975977) Importer(815301076,1909f56bfc062723c751e8b465ee728b)
Start importing Assets/PolygonMilitary/Prefabs/Weapons/SM_Wep_Pistol_Small_01.prefab using Guid(6a6b35cc4500f264d86e660d0f975977) Importer(815301076,1909f56bfc062723c751e8b465ee728b)  -> (artifact id: '39bb32571510503946d176b073ae0034') in 0.023906 seconds 
========================================================================
Received Import Request.
  Time since last request: 0.000023 seconds.
  path: Assets/PolygonMilitary/Prefabs/Weapons/SM_Wep_RocketLauncher_01.prefab
  artifactKey: Guid(ceb546d0cae63de459e72391bb340828) Importer(815301076,1909f56bfc062723c751e8b465ee728b)
Start importing Assets/PolygonMilitary/Prefabs/Weapons/SM_Wep_RocketLauncher_01.prefab using Guid(ceb546d0cae63de459e72391bb340828) Importer(815301076,1909f56bfc062723c751e8b465ee728b)  -> (artifact id: 'f457b8b0eec1bb0d7cc48c28ad656684') in 0.009564 seconds 
========================================================================
Received Import Request.
  Time since last request: 0.000023 seconds.
  path: Assets/PolygonMilitary/Prefabs/Weapons/SM_Wep_Sniper_01.prefab
  artifactKey: Guid(9e3364afdd9ba0048bc7169cf1c076b8) Importer(815301076,1909f56bfc062723c751e8b465ee728b)
Start importing Assets/PolygonMilitary/Prefabs/Weapons/SM_Wep_Sniper_01.prefab using Guid(9e3364afdd9ba0048bc7169cf1c076b8) Importer(815301076,1909f56bfc062723c751e8b465ee728b)  -> (artifact id: '12ecf4db780b9e6709ee64b29a5b749c') in 0.015022 seconds 
========================================================================
Received Import Request.
  Time since last request: 0.000019 seconds.
  path: Assets/PolygonMilitary/Prefabs/Weapons/SM_Wep_RPG_Rocket_Seperate_01.prefab
  artifactKey: Guid(854545bb6d6c18346afe53ca07c5bfe9) Importer(815301076,1909f56bfc062723c751e8b465ee728b)
Start importing Assets/PolygonMilitary/Prefabs/Weapons/SM_Wep_RPG_Rocket_Seperate_01.prefab using Guid(854545bb6d6c18346afe53ca07c5bfe9) Importer(815301076,1909f56bfc062723c751e8b465ee728b)  -> (artifact id: 'cd94b1bd2ce8cf68bbfdda4430d87047') in 0.019627 seconds 
========================================================================
Received Import Request.
  Time since last request: 0.000017 seconds.
  path: Assets/PolygonMilitary/Prefabs/Weapons/SM_Wep_RocketLauncher_MIssile_01.prefab
  artifactKey: Guid(eed9b1e31a976bb46b7b75a53363eb86) Importer(815301076,1909f56bfc062723c751e8b465ee728b)
Start importing Assets/PolygonMilitary/Prefabs/Weapons/SM_Wep_RocketLauncher_MIssile_01.prefab using Guid(eed9b1e31a976bb46b7b75a53363eb86) Importer(815301076,1909f56bfc062723c751e8b465ee728b)  -> (artifact id: 'e2b0edbe39619dd265901a4447cb14c6') in 0.008194 seconds 
========================================================================
Received Import Request.
  Time since last request: 0.000019 seconds.
  path: Assets/PolygonMilitary/Prefabs/Weapons/SM_Wep_RPG_01.prefab
  artifactKey: Guid(cdc01cd9a5a3c5c438b1f0d4cb2ee3f3) Importer(815301076,1909f56bfc062723c751e8b465ee728b)
Start importing Assets/PolygonMilitary/Prefabs/Weapons/SM_Wep_RPG_01.prefab using Guid(cdc01cd9a5a3c5c438b1f0d4cb2ee3f3) Importer(815301076,1909f56bfc062723c751e8b465ee728b)  -> (artifact id: '569243cd06ab9716841c94f6eae0c19f') in 0.011388 seconds 
========================================================================
Received Import Request.
  Time since last request: 0.000020 seconds.
  path: Assets/PolygonMilitary/Prefabs/Weapons/SM_Wep_Pistol_01.prefab
  artifactKey: Guid(191a40a97567c454dad88aa6ea16ac71) Importer(815301076,1909f56bfc062723c751e8b465ee728b)
Start importing Assets/PolygonMilitary/Prefabs/Weapons/SM_Wep_Pistol_01.prefab using Guid(191a40a97567c454dad88aa6ea16ac71) Importer(815301076,1909f56bfc062723c751e8b465ee728b)  -> (artifact id: '6bd1365ef7fa834bebcedb3a7204e66b') in 0.016053 seconds 
========================================================================
Received Import Request.
  Time since last request: 0.000015 seconds.
  path: Assets/PolygonMilitary/Prefabs/Weapons/SM_Wep_Shotgun_01.prefab
  artifactKey: Guid(5056d20a32324e1438d988478b9dc3e2) Importer(815301076,1909f56bfc062723c751e8b465ee728b)
Start importing Assets/PolygonMilitary/Prefabs/Weapons/SM_Wep_Shotgun_01.prefab using Guid(5056d20a32324e1438d988478b9dc3e2) Importer(815301076,1909f56bfc062723c751e8b465ee728b)  -> (artifact id: '8748392d3170f4e2af99a795adb49fb2') in 0.012177 seconds 
========================================================================
Received Import Request.
  Time since last request: 0.000016 seconds.
  path: Assets/PolygonMilitary/Prefabs/Weapons/SM_Wep_Rifle_01.prefab
  artifactKey: Guid(fbe32035b0baf224186c9be363d01250) Importer(815301076,1909f56bfc062723c751e8b465ee728b)
Start importing Assets/PolygonMilitary/Prefabs/Weapons/SM_Wep_Rifle_01.prefab using Guid(fbe32035b0baf224186c9be363d01250) Importer(815301076,1909f56bfc062723c751e8b465ee728b)  -> (artifact id: '17de16a315e14b24f10216e008fc2290') in 0.011393 seconds 
========================================================================
Received Import Request.
  Time since last request: 0.000032 seconds.
  path: Assets/PolygonMilitary/Prefabs/Weapons/SM_Wep_Pistol_Metal_01.prefab
  artifactKey: Guid(90742456b248a0a49a4ed1dcad74d4b4) Importer(815301076,1909f56bfc062723c751e8b465ee728b)
Start importing Assets/PolygonMilitary/Prefabs/Weapons/SM_Wep_Pistol_Metal_01.prefab using Guid(90742456b248a0a49a4ed1dcad74d4b4) Importer(815301076,1909f56bfc062723c751e8b465ee728b)  -> (artifact id: '8a170d19c68b111a3c0c80fed06af676') in 0.011155 seconds 
========================================================================
Received Import Request.
  Time since last request: 0.000026 seconds.
  path: Assets/PolygonMilitary/Prefabs/Weapons/SM_Wep_MachineGun_Bandit_01.prefab
  artifactKey: Guid(b98d0951b761037469ac7c6d9bf55fa1) Importer(815301076,1909f56bfc062723c751e8b465ee728b)
Start importing Assets/PolygonMilitary/Prefabs/Weapons/SM_Wep_MachineGun_Bandit_01.prefab using Guid(b98d0951b761037469ac7c6d9bf55fa1) Importer(815301076,1909f56bfc062723c751e8b465ee728b)  -> (artifact id: 'ce395f9da77ff00aafc4e3d2461ac840') in 0.014653 seconds 
========================================================================
Received Import Request.
  Time since last request: 0.000018 seconds.
  path: Assets/PolygonMilitary/Prefabs/Weapons/SM_Wep_MachineGun_USA_01.prefab
  artifactKey: Guid(9b81e64683c3b5146a913703abead367) Importer(815301076,1909f56bfc062723c751e8b465ee728b)
Start importing Assets/PolygonMilitary/Prefabs/Weapons/SM_Wep_MachineGun_USA_01.prefab using Guid(9b81e64683c3b5146a913703abead367) Importer(815301076,1909f56bfc062723c751e8b465ee728b)  -> (artifact id: 'f803908b406f7d801b99eb2510547730') in 0.011519 seconds 
========================================================================
Received Import Request.
  Time since last request: 0.000027 seconds.
  path: Assets/PolygonMilitary/Prefabs/Weapons/SM_Wep_Machete_01.prefab
  artifactKey: Guid(e42c665e613bfe74db3d0ac8cf9ce6b1) Importer(815301076,1909f56bfc062723c751e8b465ee728b)
Start importing Assets/PolygonMilitary/Prefabs/Weapons/SM_Wep_Machete_01.prefab using Guid(e42c665e613bfe74db3d0ac8cf9ce6b1) Importer(815301076,1909f56bfc062723c751e8b465ee728b)  -> (artifact id: '69477650a01b2b06970acd90089b2c86') in 0.038419 seconds 
========================================================================
Received Import Request.
  Time since last request: 46.453502 seconds.
  path: Assets/PolygonMilitary/Prefabs/Weapons/Modular_Presets/SM_Wep_Preset_A_Heavy_01.prefab
  artifactKey: Guid(e8a167e3e5e548b4896befbd79964392) Importer(815301076,1909f56bfc062723c751e8b465ee728b)
Start importing Assets/PolygonMilitary/Prefabs/Weapons/Modular_Presets/SM_Wep_Preset_A_Heavy_01.prefab using Guid(e8a167e3e5e548b4896befbd79964392) Importer(815301076,1909f56bfc062723c751e8b465ee728b)  -> (artifact id: '15efa3ff60cdec833be7e670e5bdc9e4') in 0.020797 seconds 
========================================================================
Received Import Request.
  Time since last request: 0.000023 seconds.
  path: Assets/PolygonMilitary/Prefabs/Weapons/Modular_Presets/SM_Wep_Preset_A_Sniper_01.prefab
  artifactKey: Guid(d237b571c339510448e8d30946bb59eb) Importer(815301076,1909f56bfc062723c751e8b465ee728b)
Start importing Assets/PolygonMilitary/Prefabs/Weapons/Modular_Presets/SM_Wep_Preset_A_Sniper_01.prefab using Guid(d237b571c339510448e8d30946bb59eb) Importer(815301076,1909f56bfc062723c751e8b465ee728b)  -> (artifact id: '875972dbebecbea2711ce3bf6eabf6b9') in 0.013831 seconds 
========================================================================
Received Import Request.
  Time since last request: 0.000021 seconds.
  path: Assets/PolygonMilitary/Prefabs/Weapons/Modular_Presets/SM_Wep_Preset_A_Rifle_03.prefab
  artifactKey: Guid(f2d3c1000666f4f4083180b2cca9a345) Importer(815301076,1909f56bfc062723c751e8b465ee728b)
Start importing Assets/PolygonMilitary/Prefabs/Weapons/Modular_Presets/SM_Wep_Preset_A_Rifle_03.prefab using Guid(f2d3c1000666f4f4083180b2cca9a345) Importer(815301076,1909f56bfc062723c751e8b465ee728b)  -> (artifact id: 'ccec963c6576db6b6a38e75c5a8ff774') in 0.010285 seconds 
========================================================================
Received Import Request.
  Time since last request: 0.000021 seconds.
  path: Assets/PolygonMilitary/Prefabs/Weapons/Modular_Presets/SM_Wep_Preset_B_Rifle_02.prefab
  artifactKey: Guid(6f2d8f75056eab94e8209780bf426aa9) Importer(815301076,1909f56bfc062723c751e8b465ee728b)
Start importing Assets/PolygonMilitary/Prefabs/Weapons/Modular_Presets/SM_Wep_Preset_B_Rifle_02.prefab using Guid(6f2d8f75056eab94e8209780bf426aa9) Importer(815301076,1909f56bfc062723c751e8b465ee728b)  -> (artifact id: '65019a910bb91c5cae54794551e1a36e') in 0.011654 seconds 
========================================================================
Received Import Request.
  Time since last request: 0.000020 seconds.
  path: Assets/PolygonMilitary/Prefabs/Weapons/Modular_Presets/SM_Wep_Preset_B_Sniper_01.prefab
  artifactKey: Guid(c2d5b7c473997b9428dcd75e2d9a1619) Importer(815301076,1909f56bfc062723c751e8b465ee728b)
Start importing Assets/PolygonMilitary/Prefabs/Weapons/Modular_Presets/SM_Wep_Preset_B_Sniper_01.prefab using Guid(c2d5b7c473997b9428dcd75e2d9a1619) Importer(815301076,1909f56bfc062723c751e8b465ee728b)  -> (artifact id: 'f7609e9464500b5542d8407e7d78b074') in 0.010696 seconds 
========================================================================
Received Import Request.
  Time since last request: 0.000023 seconds.
  path: Assets/PolygonMilitary/Prefabs/Weapons/Modular_Presets/SM_Wep_Preset_A_SMG_01.prefab
  artifactKey: Guid(e61711ec81d1ad54e91f620fd771e541) Importer(815301076,1909f56bfc062723c751e8b465ee728b)
Start importing Assets/PolygonMilitary/Prefabs/Weapons/Modular_Presets/SM_Wep_Preset_A_SMG_01.prefab using Guid(e61711ec81d1ad54e91f620fd771e541) Importer(815301076,1909f56bfc062723c751e8b465ee728b)  -> (artifact id: 'd1dcde3be54e466fae4caf719635d25c') in 0.011960 seconds 
========================================================================
Received Import Request.
  Time since last request: 0.000022 seconds.
  path: Assets/PolygonMilitary/Prefabs/Weapons/Modular_Presets/SM_Wep_Preset_B_Complex_01.prefab
  artifactKey: Guid(6f0a628c6b303b04b9e4dd6d597db728) Importer(815301076,1909f56bfc062723c751e8b465ee728b)
Start importing Assets/PolygonMilitary/Prefabs/Weapons/Modular_Presets/SM_Wep_Preset_B_Complex_01.prefab using Guid(6f0a628c6b303b04b9e4dd6d597db728) Importer(815301076,1909f56bfc062723c751e8b465ee728b)  -> (artifact id: '43f8f3aecef8279b45b4215215a641fa') in 0.010445 seconds 
Editor requested this worker to shutdown with reason: Scaling down because of idle timeout
AssetImportWorker is now disconnected from the server
Process exiting
Exiting without the bug reporter. Application will terminate with return code 0